                                 Started job on |	Jun 02 09:48:04
                             Started mapping on |	Jun 02 09:48:05
                                    Finished on |	Jun 02 09:49:27
       Mapping speed, Million of reads per hour |	789.99

                          Number of input reads |	17994187
                      Average input read length |	75
                                    UNIQUE READS:
                   Uniquely mapped reads number |	12047849
                        Uniquely mapped reads % |	66.95%
                          Average mapped length |	75.99
                       Number of splices: Total |	623783
            Number of splices: Annotated (sjdb) |	547723
                       Number of splices: GT/AG |	606062
                       Number of splices: GC/AG |	5056
                       Number of splices: AT/AC |	227
               Number of splices: Non-canonical |	12438
                      Mismatch rate per base, % |	1.45%
                         Deletion rate per base |	0.01%
                        Deletion average length |	1.41
                        Insertion rate per base |	0.01%
                       Insertion average length |	1.16
                             MULTI-MAPPING READS:
        Number of reads mapped to multiple loci |	750917
             % of reads mapped to multiple loci |	4.17%
        Number of reads mapped to too many loci |	25292
             % of reads mapped to too many loci |	0.14%
                                  UNMAPPED READS:
  Number of reads unmapped: too many mismatches |	1709107
       % of reads unmapped: too many mismatches |	9.50%
            Number of reads unmapped: too short |	1658126
                 % of reads unmapped: too short |	9.21%
                Number of reads unmapped: other |	1802896
                     % of reads unmapped: other |	10.02%
                                  CHIMERIC READS:
                       Number of chimeric reads |	0
                            % of chimeric reads |	0.00%
