                                 Started job on |	Jun 02 10:01:18
                             Started mapping on |	Jun 02 10:01:32
                                    Finished on |	Jun 02 10:03:08
       Mapping speed, Million of reads per hour |	625.19

                          Number of input reads |	16671616
                      Average input read length |	75
                                    UNIQUE READS:
                   Uniquely mapped reads number |	6258839
                        Uniquely mapped reads % |	37.54%
                          Average mapped length |	75.99
                       Number of splices: Total |	318351
            Number of splices: Annotated (sjdb) |	267763
                       Number of splices: GT/AG |	286969
                       Number of splices: GC/AG |	3195
                       Number of splices: AT/AC |	580
               Number of splices: Non-canonical |	27607
                      Mismatch rate per base, % |	1.55%
                         Deletion rate per base |	0.01%
                        Deletion average length |	1.52
                        Insertion rate per base |	0.00%
                       Insertion average length |	1.16
                             MULTI-MAPPING READS:
        Number of reads mapped to multiple loci |	3060410
             % of reads mapped to multiple loci |	18.36%
        Number of reads mapped to too many loci |	85690
             % of reads mapped to too many loci |	0.51%
                                  UNMAPPED READS:
  Number of reads unmapped: too many mismatches |	1918182
       % of reads unmapped: too many mismatches |	11.51%
            Number of reads unmapped: too short |	2921223
                 % of reads unmapped: too short |	17.52%
                Number of reads unmapped: other |	2427272
                     % of reads unmapped: other |	14.56%
                                  CHIMERIC READS:
                       Number of chimeric reads |	0
                            % of chimeric reads |	0.00%
