                                 Started job on |	May 27 16:54:31
                             Started mapping on |	May 27 16:54:33
                                    Finished on |	May 27 16:56:18
       Mapping speed, Million of reads per hour |	670.08

                          Number of input reads |	19543954
                      Average input read length |	75
                                    UNIQUE READS:
                   Uniquely mapped reads number |	6359092
                        Uniquely mapped reads % |	32.54%
                          Average mapped length |	75.99
                       Number of splices: Total |	311484
            Number of splices: Annotated (sjdb) |	271921
                       Number of splices: GT/AG |	285664
                       Number of splices: GC/AG |	2568
                       Number of splices: AT/AC |	226
               Number of splices: Non-canonical |	23026
                      Mismatch rate per base, % |	0.96%
                         Deletion rate per base |	0.01%
                        Deletion average length |	1.46
                        Insertion rate per base |	0.01%
                       Insertion average length |	1.19
                             MULTI-MAPPING READS:
        Number of reads mapped to multiple loci |	2666786
             % of reads mapped to multiple loci |	13.65%
        Number of reads mapped to too many loci |	82511
             % of reads mapped to too many loci |	0.42%
                                  UNMAPPED READS:
  Number of reads unmapped: too many mismatches |	4424902
       % of reads unmapped: too many mismatches |	22.64%
            Number of reads unmapped: too short |	3330330
                 % of reads unmapped: too short |	17.04%
                Number of reads unmapped: other |	2680333
                     % of reads unmapped: other |	13.71%
                                  CHIMERIC READS:
                       Number of chimeric reads |	0
                            % of chimeric reads |	0.00%
