                                 Started job on |	Jun 02 09:36:58
                             Started mapping on |	Jun 02 09:38:11
                                    Finished on |	Jun 02 09:39:51
       Mapping speed, Million of reads per hour |	692.29

                          Number of input reads |	19230222
                      Average input read length |	75
                                    UNIQUE READS:
                   Uniquely mapped reads number |	9569573
                        Uniquely mapped reads % |	49.76%
                          Average mapped length |	75.99
                       Number of splices: Total |	453316
            Number of splices: Annotated (sjdb) |	399401
                       Number of splices: GT/AG |	427418
                       Number of splices: GC/AG |	4586
                       Number of splices: AT/AC |	356
               Number of splices: Non-canonical |	20956
                      Mismatch rate per base, % |	1.47%
                         Deletion rate per base |	0.01%
                        Deletion average length |	1.45
                        Insertion rate per base |	0.01%
                       Insertion average length |	1.16
                             MULTI-MAPPING READS:
        Number of reads mapped to multiple loci |	3460203
             % of reads mapped to multiple loci |	17.99%
        Number of reads mapped to too many loci |	84843
             % of reads mapped to too many loci |	0.44%
                                  UNMAPPED READS:
  Number of reads unmapped: too many mismatches |	1951229
       % of reads unmapped: too many mismatches |	10.15%
            Number of reads unmapped: too short |	2211397
                 % of reads unmapped: too short |	11.50%
                Number of reads unmapped: other |	1952977
                     % of reads unmapped: other |	10.16%
                                  CHIMERIC READS:
                       Number of chimeric reads |	0
                            % of chimeric reads |	0.00%
