                                 Started job on |	Jun 02 09:26:31
                             Started mapping on |	Jun 02 09:26:46
                                    Finished on |	Jun 02 09:28:24
       Mapping speed, Million of reads per hour |	779.89

                          Number of input reads |	21230285
                      Average input read length |	75
                                    UNIQUE READS:
                   Uniquely mapped reads number |	12508437
                        Uniquely mapped reads % |	58.92%
                          Average mapped length |	75.99
                       Number of splices: Total |	726037
            Number of splices: Annotated (sjdb) |	647069
                       Number of splices: GT/AG |	707794
                       Number of splices: GC/AG |	5458
                       Number of splices: AT/AC |	205
               Number of splices: Non-canonical |	12580
                      Mismatch rate per base, % |	1.45%
                         Deletion rate per base |	0.01%
                        Deletion average length |	1.46
                        Insertion rate per base |	0.01%
                       Insertion average length |	1.16
                             MULTI-MAPPING READS:
        Number of reads mapped to multiple loci |	1371223
             % of reads mapped to multiple loci |	6.46%
        Number of reads mapped to too many loci |	46942
             % of reads mapped to too many loci |	0.22%
                                  UNMAPPED READS:
  Number of reads unmapped: too many mismatches |	1839122
       % of reads unmapped: too many mismatches |	8.66%
            Number of reads unmapped: too short |	2173492
                 % of reads unmapped: too short |	10.24%
                Number of reads unmapped: other |	3291069
                     % of reads unmapped: other |	15.50%
                                  CHIMERIC READS:
                       Number of chimeric reads |	0
                            % of chimeric reads |	0.00%
