STAR version=2.7.6a
STAR compilation time,server,dir=Sat Sep 19 11:48:47 EDT 2020 vega:/home/dobin/data/STAR/STARcode/STAR.master/source
##### Command Line:
STAR --genomeDir /scratch/mgallan1/temp/genome/ --readFilesIn /scratch/mgallan1/temp/trimmed/S17_R1_trimmed.fq.gz --readFilesCommand zcat --outFilterMultimapNmax 10 --outFilterMismatchNmax 2 --alignMatesGapMax 20000 --alignIntronMax 25000 --outFilterMatchNminOverLread 0.66 --alignEndsType EndToEnd --runThreadN 10 --outReadsUnmapped None --outFileNamePrefix results/star/S17_ --outSAMtype BAM SortedByCoordinate --outSAMattributes NH HI AS nM MD
##### Initial USER parameters from Command Line:
outFileNamePrefix                 results/star/S17_
###### All USER parameters from Command Line:
genomeDir                     /scratch/mgallan1/temp/genome/     ~RE-DEFINED
readFilesIn                   /scratch/mgallan1/temp/trimmed/S17_R1_trimmed.fq.gz        ~RE-DEFINED
readFilesCommand              zcat        ~RE-DEFINED
outFilterMultimapNmax         10     ~RE-DEFINED
outFilterMismatchNmax         2     ~RE-DEFINED
alignMatesGapMax              20000     ~RE-DEFINED
alignIntronMax                25000     ~RE-DEFINED
outFilterMatchNminOverLread   0.66     ~RE-DEFINED
alignEndsType                 EndToEnd     ~RE-DEFINED
runThreadN                    10     ~RE-DEFINED
outReadsUnmapped              None     ~RE-DEFINED
outFileNamePrefix             results/star/S17_     ~RE-DEFINED
outSAMtype                    BAM   SortedByCoordinate        ~RE-DEFINED
outSAMattributes              NH   HI   AS   nM   MD        ~RE-DEFINED
##### Finished reading parameters from all sources

##### Final user re-defined parameters-----------------:
runThreadN                        10
genomeDir                         /scratch/mgallan1/temp/genome/
readFilesIn                       /scratch/mgallan1/temp/trimmed/S17_R1_trimmed.fq.gz   
readFilesCommand                  zcat   
outFileNamePrefix                 results/star/S17_
outReadsUnmapped                  None
outSAMtype                        BAM   SortedByCoordinate   
outSAMattributes                  NH   HI   AS   nM   MD   
outFilterMultimapNmax             10
outFilterMatchNminOverLread       0.66
outFilterMismatchNmax             2
alignIntronMax                    25000
alignMatesGapMax                  20000
alignEndsType                     EndToEnd

-------------------------------
##### Final effective command line:
STAR   --runThreadN 10   --genomeDir /scratch/mgallan1/temp/genome/   --readFilesIn /scratch/mgallan1/temp/trimmed/S17_R1_trimmed.fq.gz      --readFilesCommand zcat      --outFileNamePrefix results/star/S17_   --outReadsUnmapped None   --outSAMtype BAM   SortedByCoordinate      --outSAMattributes NH   HI   AS   nM   MD      --outFilterMultimapNmax 10   --outFilterMatchNminOverLread 0.66   --outFilterMismatchNmax 2   --alignIntronMax 25000   --alignMatesGapMax 20000   --alignEndsType EndToEnd
----------------------------------------

Number of fastq files for each mate = 1

   Input read files for mate 1 :
-rw-r--r--. 1 mgallan1 Domain Users 774845084 May 27 16:46 /scratch/mgallan1/temp/trimmed/S17_R1_trimmed.fq.gz

   readsCommandsFile:
exec > "results/star/S17__STARtmp/tmp.fifo.read1"
echo FILE 0
zcat      "/scratch/mgallan1/temp/trimmed/S17_R1_trimmed.fq.gz"

WARNING: --limitBAMsortRAM=0, will use genome size as RAM limit for BAM sorting
Finished loading and checking parameters
Reading genome generation parameters:
### STAR   --runMode genomeGenerate   --runThreadN 10   --genomeDir /scratch/mgallan1/temp/genome/   --genomeFastaFiles config/refs/S_lycopersicum_chromosomes.4.00.fa      --genomeSAindexNbases 13   --limitGenomeGenerateRAM 100000000000   --sjdbGTFfile config/refs/ITAG4.0_gene_models.gtf   --sjdbOverhang 100
### GstrandBit=32
versionGenome                 2.7.4a     ~RE-DEFINED
genomeType                    Full     ~RE-DEFINED
genomeFastaFiles              config/refs/S_lycopersicum_chromosomes.4.00.fa        ~RE-DEFINED
genomeSAindexNbases           13     ~RE-DEFINED
genomeChrBinNbits             18     ~RE-DEFINED
genomeSAsparseD               1     ~RE-DEFINED
genomeTransformType           None     ~RE-DEFINED
genomeTransformVCF            -     ~RE-DEFINED
sjdbOverhang                  100     ~RE-DEFINED
sjdbFileChrStartEnd           -        ~RE-DEFINED
sjdbGTFfile                   config/refs/ITAG4.0_gene_models.gtf     ~RE-DEFINED
sjdbGTFchrPrefix              -     ~RE-DEFINED
sjdbGTFfeatureExon            exon     ~RE-DEFINED
sjdbGTFtagExonParentTranscripttranscript_id     ~RE-DEFINED
sjdbGTFtagExonParentGene      gene_id     ~RE-DEFINED
sjdbInsertSave                Basic     ~RE-DEFINED
genomeFileSizes               809684325   6665664509        ~RE-DEFINED
Genome version is compatible with current STAR
Number of real (reference) chromosomes= 13
1	SL4.0ch00	9643250	0
2	SL4.0ch01	90863682	9699328
3	SL4.0ch02	53473368	100663296
4	SL4.0ch03	65298490	154140672
5	SL4.0ch04	64459972	219676672
6	SL4.0ch05	65269487	284164096
7	SL4.0ch06	47258699	349437952
8	SL4.0ch07	67883646	396886016
9	SL4.0ch08	63995357	464781312
10	SL4.0ch09	68513564	529006592
11	SL4.0ch10	64792705	597688320
12	SL4.0ch11	54379777	662700032
13	SL4.0ch12	66688036	717225984
--sjdbOverhang = 100 taken from the generated genome
Started loading the genome: Thu May 27 17:00:30 2021

Genome: size given as a parameter = 809684325
SA: size given as a parameter = 6665664509
SAindex: size given as a parameter = 1
Read from SAindex: pGe.gSAindexNbases=13  nSAi=89478484
nGenome=809684325;  nSAbyte=6665664509
GstrandBit=32   SA number of indices=1615918668
Shared memory is not used for genomes. Allocated a private copy of the genome.
Genome file size: 809684325 bytes; state: good=1 eof=0 fail=0 bad=0
Loading Genome ... done! state: good=1 eof=0 fail=0 bad=0; loaded 809684325 bytes
SA file size: 6665664509 bytes; state: good=1 eof=0 fail=0 bad=0
Loading SA ... done! state: good=1 eof=0 fail=0 bad=0; loaded 6665664509 bytes
Loading SAindex ... done: 391468491 bytes
Finished loading the genome: Thu May 27 17:00:31 2021

Processing splice junctions database sjdbN=127421,   pGe.sjdbOverhang=100 
To accommodate alignIntronMax=25000 redefined winBinNbits=14
To accommodate alignIntronMax=25000 and alignMatesGapMax=20000, redefined winFlankNbins=2 and winAnchorDistNbins=4
Created thread # 1
Created thread # 2
Created thread # 3
Created thread # 4
Created thread # 5
Created thread # 6
Created thread # 7
Created thread # 8
Created thread # 9
Starting to map file # 0
mate 1:   /scratch/mgallan1/temp/trimmed/S17_R1_trimmed.fq.gz
BAM sorting: 264411 mapped reads
BAM sorting bins genomic start loci:
1	0	1401850
2	0	1409827
3	0	1439464
4	0	1467217
5	0	1494862
6	0	1512433
7	0	1516575
8	0	1534429
9	0	1564215
10	0	2463517
11	0	2480989
12	0	2508864
13	0	2534974
14	0	3751417
15	0	3795400
16	0	3824616
17	0	3850755
18	0	5054223
19	0	6876921
20	0	6905310
21	0	7328004
22	0	7347598
23	0	7368552
24	0	7535030
25	1	70017214
26	1	82676687
27	1	89875551
28	2	38517969
29	2	45534392
30	2	46731122
31	2	51814644
32	3	22882242
33	3	61051719
34	4	52585166
35	5	4543765
36	5	65105413
37	6	38783942
38	6	46091652
39	7	60308096
40	7	67633281
41	8	49798509
42	8	63162925
43	9	32796534
44	9	60301631
45	10	5872113
46	10	62147240
47	11	26487060
48	12	4306935
Thread #9 end of input stream, nextChar=-1
Completed: thread #3
Completed: thread #6
Completed: thread #1
Completed: thread #5
Completed: thread #4
Completed: thread #7
Completed: thread #8
Completed: thread #0
Joined thread # 1
Completed: thread #2
Joined thread # 2
Joined thread # 3
Joined thread # 4
Joined thread # 5
Joined thread # 6
Joined thread # 7
Joined thread # 8
Completed: thread #9
Joined thread # 9
May 27 17:01:27 ..... started sorting BAM
Max memory needed for sorting = 100142972
ALL DONE!
