STAR version=2.7.6a
STAR compilation time,server,dir=Sat Sep 19 11:48:47 EDT 2020 vega:/home/dobin/data/STAR/STARcode/STAR.master/source
##### Command Line:
STAR --genomeDir temp/genome/ --readFilesIn temp/trimmed/S18_R1_trimmed.fq.gz --readFilesCommand zcat --outFilterMultimapNmax 10 --outFilterMismatchNmax 4 --alignMatesGapMax 20000 --alignIntronMax 25000 --outFilterMatchNminOverLread 0.66 --alignEndsType EndToEnd --runThreadN 10 --outReadsUnmapped None --outFileNamePrefix results/star/S18_ --outSAMtype BAM SortedByCoordinate --outSAMattributes NH HI AS nM MD
##### Initial USER parameters from Command Line:
outFileNamePrefix                 results/star/S18_
###### All USER parameters from Command Line:
genomeDir                     temp/genome/     ~RE-DEFINED
readFilesIn                   temp/trimmed/S18_R1_trimmed.fq.gz        ~RE-DEFINED
readFilesCommand              zcat        ~RE-DEFINED
outFilterMultimapNmax         10     ~RE-DEFINED
outFilterMismatchNmax         4     ~RE-DEFINED
alignMatesGapMax              20000     ~RE-DEFINED
alignIntronMax                25000     ~RE-DEFINED
outFilterMatchNminOverLread   0.66     ~RE-DEFINED
alignEndsType                 EndToEnd     ~RE-DEFINED
runThreadN                    10     ~RE-DEFINED
outReadsUnmapped              None     ~RE-DEFINED
outFileNamePrefix             results/star/S18_     ~RE-DEFINED
outSAMtype                    BAM   SortedByCoordinate        ~RE-DEFINED
outSAMattributes              NH   HI   AS   nM   MD        ~RE-DEFINED
##### Finished reading parameters from all sources

##### Final user re-defined parameters-----------------:
runThreadN                        10
genomeDir                         temp/genome/
readFilesIn                       temp/trimmed/S18_R1_trimmed.fq.gz   
readFilesCommand                  zcat   
outFileNamePrefix                 results/star/S18_
outReadsUnmapped                  None
outSAMtype                        BAM   SortedByCoordinate   
outSAMattributes                  NH   HI   AS   nM   MD   
outFilterMultimapNmax             10
outFilterMatchNminOverLread       0.66
outFilterMismatchNmax             4
alignIntronMax                    25000
alignMatesGapMax                  20000
alignEndsType                     EndToEnd

-------------------------------
##### Final effective command line:
STAR   --runThreadN 10   --genomeDir temp/genome/   --readFilesIn temp/trimmed/S18_R1_trimmed.fq.gz      --readFilesCommand zcat      --outFileNamePrefix results/star/S18_   --outReadsUnmapped None   --outSAMtype BAM   SortedByCoordinate      --outSAMattributes NH   HI   AS   nM   MD      --outFilterMultimapNmax 10   --outFilterMatchNminOverLread 0.66   --outFilterMismatchNmax 4   --alignIntronMax 25000   --alignMatesGapMax 20000   --alignEndsType EndToEnd
----------------------------------------

Number of fastq files for each mate = 1

   Input read files for mate 1 :
-rw-r-----. 1 lvlaar1 sils-omics-unix-fnwi 902724921 Jun  2 09:09 temp/trimmed/S18_R1_trimmed.fq.gz

   readsCommandsFile:
exec > "results/star/S18__STARtmp/tmp.fifo.read1"
echo FILE 0
zcat      "temp/trimmed/S18_R1_trimmed.fq.gz"

WARNING: --limitBAMsortRAM=0, will use genome size as RAM limit for BAM sorting
Finished loading and checking parameters
Reading genome generation parameters:
### STAR   --runMode genomeGenerate   --runThreadN 10   --genomeDir temp/genome/   --genomeFastaFiles config/refs/S_lycopersicum_chromosomes.4.00.fa      --genomeSAindexNbases 13   --limitGenomeGenerateRAM 100000000000   --sjdbGTFfile config/refs/ITAG4.0_gene_models.gtf   --sjdbOverhang 100
### GstrandBit=32
versionGenome                 2.7.4a     ~RE-DEFINED
genomeType                    Full     ~RE-DEFINED
genomeFastaFiles              config/refs/S_lycopersicum_chromosomes.4.00.fa        ~RE-DEFINED
genomeSAindexNbases           13     ~RE-DEFINED
genomeChrBinNbits             18     ~RE-DEFINED
genomeSAsparseD               1     ~RE-DEFINED
genomeTransformType           None     ~RE-DEFINED
genomeTransformVCF            -     ~RE-DEFINED
sjdbOverhang                  100     ~RE-DEFINED
sjdbFileChrStartEnd           -        ~RE-DEFINED
sjdbGTFfile                   config/refs/ITAG4.0_gene_models.gtf     ~RE-DEFINED
sjdbGTFchrPrefix              -     ~RE-DEFINED
sjdbGTFfeatureExon            exon     ~RE-DEFINED
sjdbGTFtagExonParentTranscripttranscript_id     ~RE-DEFINED
sjdbGTFtagExonParentGene      gene_id     ~RE-DEFINED
sjdbInsertSave                Basic     ~RE-DEFINED
genomeFileSizes               810028437   6668490291        ~RE-DEFINED
Genome version is compatible with current STAR
Number of real (reference) chromosomes= 13
1	SL4.0ch00	9643250	0
2	SL4.0ch01	90863682	9699328
3	SL4.0ch02	53473368	100663296
4	SL4.0ch03	65298490	154140672
5	SL4.0ch04	64459972	219676672
6	SL4.0ch05	65269487	284164096
7	SL4.0ch06	47258699	349437952
8	SL4.0ch07	67883646	396886016
9	SL4.0ch08	63995357	464781312
10	SL4.0ch09	68513564	529006592
11	SL4.0ch10	64792705	597688320
12	SL4.0ch11	54379777	662700032
13	SL4.0ch12	66688036	717225984
--sjdbOverhang = 100 taken from the generated genome
Started loading the genome: Wed Jun  2 09:41:47 2021

Genome: size given as a parameter = 810028437
SA: size given as a parameter = 6668490291
SAindex: size given as a parameter = 1
Read from SAindex: pGe.gSAindexNbases=13  nSAi=89478484
nGenome=810028437;  nSAbyte=6668490291
GstrandBit=32   SA number of indices=1616603706
Shared memory is not used for genomes. Allocated a private copy of the genome.
Genome file size: 810028437 bytes; state: good=1 eof=0 fail=0 bad=0
Loading Genome ... done! state: good=1 eof=0 fail=0 bad=0; loaded 810028437 bytes
SA file size: 6668490291 bytes; state: good=1 eof=0 fail=0 bad=0
Loading SA ... done! state: good=1 eof=0 fail=0 bad=0; loaded 6668490291 bytes
Loading SAindex ... done: 391468491 bytes
Finished loading the genome: Wed Jun  2 09:41:48 2021

Processing splice junctions database sjdbN=129133,   pGe.sjdbOverhang=100 
To accommodate alignIntronMax=25000 redefined winBinNbits=14
To accommodate alignIntronMax=25000 and alignMatesGapMax=20000, redefined winFlankNbins=2 and winAnchorDistNbins=4
Created thread # 1
Created thread # 2
Created thread # 3
Starting to map file # 0
mate 1:   temp/trimmed/S18_R1_trimmed.fq.gz
Created thread # 4
Created thread # 5
Created thread # 6
Created thread # 7
Created thread # 8
Created thread # 9
BAM sorting: 263308 mapped reads
BAM sorting bins genomic start loci:
1	0	1406524
2	0	1417247
3	0	1440453
4	0	1471694
5	0	1496575
6	0	1516519
7	0	1543738
8	0	1564326
9	0	2478683
10	0	2501731
11	0	2529835
12	0	2574732
13	0	3794547
14	0	3819848
15	0	3850756
16	0	5055087
17	0	6883920
18	0	6907037
19	0	7333958
20	0	7349369
21	0	7380730
22	1	50859620
23	1	81814834
24	1	88454658
25	2	36385171
26	2	40275352
27	2	46722309
28	2	46730997
29	2	46739701
30	3	548210
31	3	48050758
32	3	63416681
33	4	57157350
34	5	7051468
35	6	204390
36	6	38993147
37	6	45827364
38	7	58968883
39	7	67492116
40	8	1975965
41	8	60005180
42	9	4136818
43	9	32799689
44	9	67283682
45	10	42882243
46	10	64513595
47	11	40631267
48	12	4183134
Thread #6 end of input stream, nextChar=-1
Completed: thread #7
Completed: thread #8
Completed: thread #0
Completed: thread #1
Joined thread # 1
Completed: thread #9
Completed: thread #2
Joined thread # 2
Completed: thread #6
Completed: thread #3
Joined thread # 3
Completed: thread #4
Joined thread # 4
Completed: thread #5
Joined thread # 5
Joined thread # 6
Joined thread # 7
Joined thread # 8
Joined thread # 9
Jun 02 09:43:02 ..... started sorting BAM
Max memory needed for sorting = 137834275
ALL DONE!
