                                 Started job on |	May 27 16:52:51
                             Started mapping on |	May 27 16:52:53
                                    Finished on |	May 27 16:54:31
       Mapping speed, Million of reads per hour |	724.37

                          Number of input reads |	19719063
                      Average input read length |	75
                                    UNIQUE READS:
                   Uniquely mapped reads number |	9452864
                        Uniquely mapped reads % |	47.94%
                          Average mapped length |	75.99
                       Number of splices: Total |	437651
            Number of splices: Annotated (sjdb) |	402994
                       Number of splices: GT/AG |	422432
                       Number of splices: GC/AG |	3847
                       Number of splices: AT/AC |	150
               Number of splices: Non-canonical |	11222
                      Mismatch rate per base, % |	0.90%
                         Deletion rate per base |	0.01%
                        Deletion average length |	1.48
                        Insertion rate per base |	0.01%
                       Insertion average length |	1.18
                             MULTI-MAPPING READS:
        Number of reads mapped to multiple loci |	3226434
             % of reads mapped to multiple loci |	16.36%
        Number of reads mapped to too many loci |	73031
             % of reads mapped to too many loci |	0.37%
                                  UNMAPPED READS:
  Number of reads unmapped: too many mismatches |	3874936
       % of reads unmapped: too many mismatches |	19.65%
            Number of reads unmapped: too short |	1474215
                 % of reads unmapped: too short |	7.48%
                Number of reads unmapped: other |	1617583
                     % of reads unmapped: other |	8.20%
                                  CHIMERIC READS:
                       Number of chimeric reads |	0
                            % of chimeric reads |	0.00%
