                                 Started job on |	Mar 10 16:40:42
                             Started mapping on |	Mar 10 16:40:43
                                    Finished on |	Mar 10 16:41:53
       Mapping speed, Million of reads per hour |	900.69

                          Number of input reads |	17513432
                      Average input read length |	75
                                    UNIQUE READS:
                   Uniquely mapped reads number |	7157822
                        Uniquely mapped reads % |	40.87%
                          Average mapped length |	75.99
                       Number of splices: Total |	396344
            Number of splices: Annotated (sjdb) |	232147
                       Number of splices: GT/AG |	292209
                       Number of splices: GC/AG |	2539
                       Number of splices: AT/AC |	988
               Number of splices: Non-canonical |	100608
                      Mismatch rate per base, % |	1.47%
                         Deletion rate per base |	0.01%
                        Deletion average length |	1.18
                        Insertion rate per base |	0.01%
                       Insertion average length |	1.11
                             MULTI-MAPPING READS:
        Number of reads mapped to multiple loci |	1967014
             % of reads mapped to multiple loci |	11.23%
        Number of reads mapped to too many loci |	36627
             % of reads mapped to too many loci |	0.21%
                                  UNMAPPED READS:
  Number of reads unmapped: too many mismatches |	4871682
       % of reads unmapped: too many mismatches |	27.82%
            Number of reads unmapped: too short |	3448595
                 % of reads unmapped: too short |	19.69%
                Number of reads unmapped: other |	31692
                     % of reads unmapped: other |	0.18%
                                  CHIMERIC READS:
                       Number of chimeric reads |	0
                            % of chimeric reads |	0.00%
