                                 Started job on |	Mar 10 16:29:30
                             Started mapping on |	Mar 10 16:29:31
                                    Finished on |	Mar 10 16:30:50
       Mapping speed, Million of reads per hour |	951.34

                          Number of input reads |	20876659
                      Average input read length |	75
                                    UNIQUE READS:
                   Uniquely mapped reads number |	12040975
                        Uniquely mapped reads % |	57.68%
                          Average mapped length |	75.99
                       Number of splices: Total |	605291
            Number of splices: Annotated (sjdb) |	423020
                       Number of splices: GT/AG |	524873
                       Number of splices: GC/AG |	4124
                       Number of splices: AT/AC |	1608
               Number of splices: Non-canonical |	74686
                      Mismatch rate per base, % |	1.49%
                         Deletion rate per base |	0.01%
                        Deletion average length |	1.19
                        Insertion rate per base |	0.00%
                       Insertion average length |	1.11
                             MULTI-MAPPING READS:
        Number of reads mapped to multiple loci |	2611498
             % of reads mapped to multiple loci |	12.51%
        Number of reads mapped to too many loci |	22194
             % of reads mapped to too many loci |	0.11%
                                  UNMAPPED READS:
  Number of reads unmapped: too many mismatches |	3659224
       % of reads unmapped: too many mismatches |	17.53%
            Number of reads unmapped: too short |	2491265
                 % of reads unmapped: too short |	11.93%
                Number of reads unmapped: other |	51503
                     % of reads unmapped: other |	0.25%
                                  CHIMERIC READS:
                       Number of chimeric reads |	0
                            % of chimeric reads |	0.00%
