                                 Started job on |	Mar 10 16:30:02
                             Started mapping on |	Mar 10 16:30:03
                                    Finished on |	Mar 10 16:31:19
       Mapping speed, Million of reads per hour |	948.47

                          Number of input reads |	20023307
                      Average input read length |	75
                                    UNIQUE READS:
                   Uniquely mapped reads number |	12260106
                        Uniquely mapped reads % |	61.23%
                          Average mapped length |	75.99
                       Number of splices: Total |	589929
            Number of splices: Annotated (sjdb) |	413906
                       Number of splices: GT/AG |	517464
                       Number of splices: GC/AG |	4112
                       Number of splices: AT/AC |	1524
               Number of splices: Non-canonical |	66829
                      Mismatch rate per base, % |	1.41%
                         Deletion rate per base |	0.01%
                        Deletion average length |	1.18
                        Insertion rate per base |	0.00%
                       Insertion average length |	1.11
                             MULTI-MAPPING READS:
        Number of reads mapped to multiple loci |	2187037
             % of reads mapped to multiple loci |	10.92%
        Number of reads mapped to too many loci |	20873
             % of reads mapped to too many loci |	0.10%
                                  UNMAPPED READS:
  Number of reads unmapped: too many mismatches |	3327515
       % of reads unmapped: too many mismatches |	16.62%
            Number of reads unmapped: too short |	2183681
                 % of reads unmapped: too short |	10.91%
                Number of reads unmapped: other |	44095
                     % of reads unmapped: other |	0.22%
                                  CHIMERIC READS:
                       Number of chimeric reads |	0
                            % of chimeric reads |	0.00%
