                                 Started job on |	Mar 10 16:33:12
                             Started mapping on |	Mar 10 16:33:13
                                    Finished on |	Mar 10 16:34:34
       Mapping speed, Million of reads per hour |	908.78

                          Number of input reads |	20447565
                      Average input read length |	75
                                    UNIQUE READS:
                   Uniquely mapped reads number |	9716096
                        Uniquely mapped reads % |	47.52%
                          Average mapped length |	75.99
                       Number of splices: Total |	450985
            Number of splices: Annotated (sjdb) |	279173
                       Number of splices: GT/AG |	347127
                       Number of splices: GC/AG |	2779
                       Number of splices: AT/AC |	1111
               Number of splices: Non-canonical |	99968
                      Mismatch rate per base, % |	1.48%
                         Deletion rate per base |	0.01%
                        Deletion average length |	1.19
                        Insertion rate per base |	0.00%
                       Insertion average length |	1.10
                             MULTI-MAPPING READS:
        Number of reads mapped to multiple loci |	2160483
             % of reads mapped to multiple loci |	10.57%
        Number of reads mapped to too many loci |	34056
             % of reads mapped to too many loci |	0.17%
                                  UNMAPPED READS:
  Number of reads unmapped: too many mismatches |	5016353
       % of reads unmapped: too many mismatches |	24.53%
            Number of reads unmapped: too short |	3461639
                 % of reads unmapped: too short |	16.93%
                Number of reads unmapped: other |	58938
                     % of reads unmapped: other |	0.29%
                                  CHIMERIC READS:
                       Number of chimeric reads |	0
                            % of chimeric reads |	0.00%
