                                 Started job on |	Mar 10 16:33:36
                             Started mapping on |	Mar 10 16:33:37
                                    Finished on |	Mar 10 16:34:42
       Mapping speed, Million of reads per hour |	1031.83

                          Number of input reads |	18630339
                      Average input read length |	75
                                    UNIQUE READS:
                   Uniquely mapped reads number |	14062274
                        Uniquely mapped reads % |	75.48%
                          Average mapped length |	76.00
                       Number of splices: Total |	585028
            Number of splices: Annotated (sjdb) |	430525
                       Number of splices: GT/AG |	536969
                       Number of splices: GC/AG |	4189
                       Number of splices: AT/AC |	1360
               Number of splices: Non-canonical |	42510
                      Mismatch rate per base, % |	1.43%
                         Deletion rate per base |	0.01%
                        Deletion average length |	1.19
                        Insertion rate per base |	0.00%
                       Insertion average length |	1.11
                             MULTI-MAPPING READS:
        Number of reads mapped to multiple loci |	1630158
             % of reads mapped to multiple loci |	8.75%
        Number of reads mapped to too many loci |	12025
             % of reads mapped to too many loci |	0.06%
                                  UNMAPPED READS:
  Number of reads unmapped: too many mismatches |	1947858
       % of reads unmapped: too many mismatches |	10.46%
            Number of reads unmapped: too short |	940423
                 % of reads unmapped: too short |	5.05%
                Number of reads unmapped: other |	37601
                     % of reads unmapped: other |	0.20%
                                  CHIMERIC READS:
                       Number of chimeric reads |	0
                            % of chimeric reads |	0.00%
