                                 Started job on |	Mar 10 16:27:10
                             Started mapping on |	Mar 10 16:27:14
                                    Finished on |	Mar 10 16:28:46
       Mapping speed, Million of reads per hour |	855.22

                          Number of input reads |	21855745
                      Average input read length |	75
                                    UNIQUE READS:
                   Uniquely mapped reads number |	12095902
                        Uniquely mapped reads % |	55.34%
                          Average mapped length |	75.99
                       Number of splices: Total |	589421
            Number of splices: Annotated (sjdb) |	401039
                       Number of splices: GT/AG |	504130
                       Number of splices: GC/AG |	4082
                       Number of splices: AT/AC |	1601
               Number of splices: Non-canonical |	79608
                      Mismatch rate per base, % |	1.48%
                         Deletion rate per base |	0.01%
                        Deletion average length |	1.19
                        Insertion rate per base |	0.00%
                       Insertion average length |	1.11
                             MULTI-MAPPING READS:
        Number of reads mapped to multiple loci |	2162329
             % of reads mapped to multiple loci |	9.89%
        Number of reads mapped to too many loci |	29463
             % of reads mapped to too many loci |	0.13%
                                  UNMAPPED READS:
  Number of reads unmapped: too many mismatches |	4553616
       % of reads unmapped: too many mismatches |	20.83%
            Number of reads unmapped: too short |	2939729
                 % of reads unmapped: too short |	13.45%
                Number of reads unmapped: other |	74706
                     % of reads unmapped: other |	0.34%
                                  CHIMERIC READS:
                       Number of chimeric reads |	0
                            % of chimeric reads |	0.00%
