                                 Started job on |	Mar 10 16:34:51
                             Started mapping on |	Mar 10 16:34:52
                                    Finished on |	Mar 10 16:36:04
       Mapping speed, Million of reads per hour |	942.56

                          Number of input reads |	18851222
                      Average input read length |	75
                                    UNIQUE READS:
                   Uniquely mapped reads number |	12266696
                        Uniquely mapped reads % |	65.07%
                          Average mapped length |	75.99
                       Number of splices: Total |	590425
            Number of splices: Annotated (sjdb) |	418966
                       Number of splices: GT/AG |	525137
                       Number of splices: GC/AG |	3899
                       Number of splices: AT/AC |	1480
               Number of splices: Non-canonical |	59909
                      Mismatch rate per base, % |	1.49%
                         Deletion rate per base |	0.01%
                        Deletion average length |	1.21
                        Insertion rate per base |	0.00%
                       Insertion average length |	1.11
                             MULTI-MAPPING READS:
        Number of reads mapped to multiple loci |	1581091
             % of reads mapped to multiple loci |	8.39%
        Number of reads mapped to too many loci |	19146
             % of reads mapped to too many loci |	0.10%
                                  UNMAPPED READS:
  Number of reads unmapped: too many mismatches |	2931922
       % of reads unmapped: too many mismatches |	15.55%
            Number of reads unmapped: too short |	1985686
                 % of reads unmapped: too short |	10.53%
                Number of reads unmapped: other |	66681
                     % of reads unmapped: other |	0.35%
                                  CHIMERIC READS:
                       Number of chimeric reads |	0
                            % of chimeric reads |	0.00%
