                                 Started job on |	Mar 10 16:37:05
                             Started mapping on |	Mar 10 16:37:06
                                    Finished on |	Mar 10 16:38:14
       Mapping speed, Million of reads per hour |	1000.23

                          Number of input reads |	18893198
                      Average input read length |	75
                                    UNIQUE READS:
                   Uniquely mapped reads number |	11350893
                        Uniquely mapped reads % |	60.08%
                          Average mapped length |	76.00
                       Number of splices: Total |	526820
            Number of splices: Annotated (sjdb) |	362155
                       Number of splices: GT/AG |	455256
                       Number of splices: GC/AG |	3436
                       Number of splices: AT/AC |	1469
               Number of splices: Non-canonical |	66659
                      Mismatch rate per base, % |	1.46%
                         Deletion rate per base |	0.01%
                        Deletion average length |	1.20
                        Insertion rate per base |	0.00%
                       Insertion average length |	1.11
                             MULTI-MAPPING READS:
        Number of reads mapped to multiple loci |	2223826
             % of reads mapped to multiple loci |	11.77%
        Number of reads mapped to too many loci |	20865
             % of reads mapped to too many loci |	0.11%
                                  UNMAPPED READS:
  Number of reads unmapped: too many mismatches |	3340786
       % of reads unmapped: too many mismatches |	17.68%
            Number of reads unmapped: too short |	1932956
                 % of reads unmapped: too short |	10.23%
                Number of reads unmapped: other |	23872
                     % of reads unmapped: other |	0.13%
                                  CHIMERIC READS:
                       Number of chimeric reads |	0
                            % of chimeric reads |	0.00%
