                                 Started job on |	Mar 10 16:30:51
                             Started mapping on |	Mar 10 16:30:52
                                    Finished on |	Mar 10 16:32:03
       Mapping speed, Million of reads per hour |	1002.32

                          Number of input reads |	19767946
                      Average input read length |	75
                                    UNIQUE READS:
                   Uniquely mapped reads number |	12880524
                        Uniquely mapped reads % |	65.16%
                          Average mapped length |	76.00
                       Number of splices: Total |	577435
            Number of splices: Annotated (sjdb) |	412771
                       Number of splices: GT/AG |	515516
                       Number of splices: GC/AG |	3996
                       Number of splices: AT/AC |	1512
               Number of splices: Non-canonical |	56411
                      Mismatch rate per base, % |	1.48%
                         Deletion rate per base |	0.01%
                        Deletion average length |	1.20
                        Insertion rate per base |	0.00%
                       Insertion average length |	1.10
                             MULTI-MAPPING READS:
        Number of reads mapped to multiple loci |	2578253
             % of reads mapped to multiple loci |	13.04%
        Number of reads mapped to too many loci |	16721
             % of reads mapped to too many loci |	0.08%
                                  UNMAPPED READS:
  Number of reads unmapped: too many mismatches |	2748875
       % of reads unmapped: too many mismatches |	13.91%
            Number of reads unmapped: too short |	1513129
                 % of reads unmapped: too short |	7.65%
                Number of reads unmapped: other |	30444
                     % of reads unmapped: other |	0.15%
                                  CHIMERIC READS:
                       Number of chimeric reads |	0
                            % of chimeric reads |	0.00%
