                                 Started job on |	Mar 10 16:38:40
                             Started mapping on |	Mar 10 16:38:41
                                    Finished on |	Mar 10 16:39:41
       Mapping speed, Million of reads per hour |	1040.77

                          Number of input reads |	17346141
                      Average input read length |	75
                                    UNIQUE READS:
                   Uniquely mapped reads number |	12753003
                        Uniquely mapped reads % |	73.52%
                          Average mapped length |	76.00
                       Number of splices: Total |	560812
            Number of splices: Annotated (sjdb) |	413807
                       Number of splices: GT/AG |	518096
                       Number of splices: GC/AG |	4033
                       Number of splices: AT/AC |	1304
               Number of splices: Non-canonical |	37379
                      Mismatch rate per base, % |	1.51%
                         Deletion rate per base |	0.01%
                        Deletion average length |	1.23
                        Insertion rate per base |	0.00%
                       Insertion average length |	1.11
                             MULTI-MAPPING READS:
        Number of reads mapped to multiple loci |	1861734
             % of reads mapped to multiple loci |	10.73%
        Number of reads mapped to too many loci |	8106
             % of reads mapped to too many loci |	0.05%
                                  UNMAPPED READS:
  Number of reads unmapped: too many mismatches |	1769201
       % of reads unmapped: too many mismatches |	10.20%
            Number of reads unmapped: too short |	925638
                 % of reads unmapped: too short |	5.34%
                Number of reads unmapped: other |	28459
                     % of reads unmapped: other |	0.16%
                                  CHIMERIC READS:
                       Number of chimeric reads |	0
                            % of chimeric reads |	0.00%
