                                 Started job on |	Mar 10 16:39:37
                             Started mapping on |	Mar 10 16:39:38
                                    Finished on |	Mar 10 16:40:42
       Mapping speed, Million of reads per hour |	999.95

                          Number of input reads |	17776959
                      Average input read length |	75
                                    UNIQUE READS:
                   Uniquely mapped reads number |	11523968
                        Uniquely mapped reads % |	64.83%
                          Average mapped length |	76.00
                       Number of splices: Total |	531146
            Number of splices: Annotated (sjdb) |	371625
                       Number of splices: GT/AG |	466782
                       Number of splices: GC/AG |	3404
                       Number of splices: AT/AC |	1479
               Number of splices: Non-canonical |	59481
                      Mismatch rate per base, % |	1.42%
                         Deletion rate per base |	0.01%
                        Deletion average length |	1.18
                        Insertion rate per base |	0.00%
                       Insertion average length |	1.10
                             MULTI-MAPPING READS:
        Number of reads mapped to multiple loci |	1600891
             % of reads mapped to multiple loci |	9.01%
        Number of reads mapped to too many loci |	25441
             % of reads mapped to too many loci |	0.14%
                                  UNMAPPED READS:
  Number of reads unmapped: too many mismatches |	2891086
       % of reads unmapped: too many mismatches |	16.26%
            Number of reads unmapped: too short |	1698433
                 % of reads unmapped: too short |	9.55%
                Number of reads unmapped: other |	37140
                     % of reads unmapped: other |	0.21%
                                  CHIMERIC READS:
                       Number of chimeric reads |	0
                            % of chimeric reads |	0.00%
