                                 Started job on |	Mar 10 16:28:33
                             Started mapping on |	Mar 10 16:28:34
                                    Finished on |	Mar 10 16:29:50
       Mapping speed, Million of reads per hour |	968.27

                          Number of input reads |	20441232
                      Average input read length |	75
                                    UNIQUE READS:
                   Uniquely mapped reads number |	13164047
                        Uniquely mapped reads % |	64.40%
                          Average mapped length |	75.99
                       Number of splices: Total |	626377
            Number of splices: Annotated (sjdb) |	451237
                       Number of splices: GT/AG |	562164
                       Number of splices: GC/AG |	4469
                       Number of splices: AT/AC |	1515
               Number of splices: Non-canonical |	58229
                      Mismatch rate per base, % |	1.49%
                         Deletion rate per base |	0.01%
                        Deletion average length |	1.20
                        Insertion rate per base |	0.00%
                       Insertion average length |	1.11
                             MULTI-MAPPING READS:
        Number of reads mapped to multiple loci |	2664467
             % of reads mapped to multiple loci |	13.03%
        Number of reads mapped to too many loci |	16406
             % of reads mapped to too many loci |	0.08%
                                  UNMAPPED READS:
  Number of reads unmapped: too many mismatches |	2805633
       % of reads unmapped: too many mismatches |	13.73%
            Number of reads unmapped: too short |	1733108
                 % of reads unmapped: too short |	8.48%
                Number of reads unmapped: other |	57571
                     % of reads unmapped: other |	0.28%
                                  CHIMERIC READS:
                       Number of chimeric reads |	0
                            % of chimeric reads |	0.00%
