                                 Started job on |	Mar 10 16:38:14
                             Started mapping on |	Mar 10 16:38:15
                                    Finished on |	Mar 10 16:39:36
       Mapping speed, Million of reads per hour |	860.68

                          Number of input reads |	19365345
                      Average input read length |	75
                                    UNIQUE READS:
                   Uniquely mapped reads number |	8877739
                        Uniquely mapped reads % |	45.84%
                          Average mapped length |	75.99
                       Number of splices: Total |	498882
            Number of splices: Annotated (sjdb) |	313406
                       Number of splices: GT/AG |	394358
                       Number of splices: GC/AG |	2954
                       Number of splices: AT/AC |	1246
               Number of splices: Non-canonical |	100324
                      Mismatch rate per base, % |	1.50%
                         Deletion rate per base |	0.01%
                        Deletion average length |	1.19
                        Insertion rate per base |	0.00%
                       Insertion average length |	1.13
                             MULTI-MAPPING READS:
        Number of reads mapped to multiple loci |	1576317
             % of reads mapped to multiple loci |	8.14%
        Number of reads mapped to too many loci |	39005
             % of reads mapped to too many loci |	0.20%
                                  UNMAPPED READS:
  Number of reads unmapped: too many mismatches |	5177198
       % of reads unmapped: too many mismatches |	26.73%
            Number of reads unmapped: too short |	3626224
                 % of reads unmapped: too short |	18.73%
                Number of reads unmapped: other |	68862
                     % of reads unmapped: other |	0.36%
                                  CHIMERIC READS:
                       Number of chimeric reads |	0
                            % of chimeric reads |	0.00%
