                                 Started job on |	Mar 10 16:37:19
                             Started mapping on |	Mar 10 16:37:20
                                    Finished on |	Mar 10 16:38:40
       Mapping speed, Million of reads per hour |	861.60

                          Number of input reads |	19146593
                      Average input read length |	75
                                    UNIQUE READS:
                   Uniquely mapped reads number |	9524504
                        Uniquely mapped reads % |	49.75%
                          Average mapped length |	75.99
                       Number of splices: Total |	480153
            Number of splices: Annotated (sjdb) |	307716
                       Number of splices: GT/AG |	386629
                       Number of splices: GC/AG |	3339
                       Number of splices: AT/AC |	1324
               Number of splices: Non-canonical |	88861
                      Mismatch rate per base, % |	1.49%
                         Deletion rate per base |	0.01%
                        Deletion average length |	1.19
                        Insertion rate per base |	0.00%
                       Insertion average length |	1.11
                             MULTI-MAPPING READS:
        Number of reads mapped to multiple loci |	1847490
             % of reads mapped to multiple loci |	9.65%
        Number of reads mapped to too many loci |	29929
             % of reads mapped to too many loci |	0.16%
                                  UNMAPPED READS:
  Number of reads unmapped: too many mismatches |	4526600
       % of reads unmapped: too many mismatches |	23.64%
            Number of reads unmapped: too short |	3169293
                 % of reads unmapped: too short |	16.55%
                Number of reads unmapped: other |	48777
                     % of reads unmapped: other |	0.25%
                                  CHIMERIC READS:
                       Number of chimeric reads |	0
                            % of chimeric reads |	0.00%
