                                 Started job on |	Mar 10 16:32:18
                             Started mapping on |	Mar 10 16:32:19
                                    Finished on |	Mar 10 16:33:34
       Mapping speed, Million of reads per hour |	918.95

                          Number of input reads |	19144721
                      Average input read length |	75
                                    UNIQUE READS:
                   Uniquely mapped reads number |	13096676
                        Uniquely mapped reads % |	68.41%
                          Average mapped length |	76.00
                       Number of splices: Total |	595690
            Number of splices: Annotated (sjdb) |	435648
                       Number of splices: GT/AG |	542163
                       Number of splices: GC/AG |	4143
                       Number of splices: AT/AC |	1483
               Number of splices: Non-canonical |	47901
                      Mismatch rate per base, % |	1.46%
                         Deletion rate per base |	0.01%
                        Deletion average length |	1.21
                        Insertion rate per base |	0.00%
                       Insertion average length |	1.11
                             MULTI-MAPPING READS:
        Number of reads mapped to multiple loci |	2425768
             % of reads mapped to multiple loci |	12.67%
        Number of reads mapped to too many loci |	12431
             % of reads mapped to too many loci |	0.06%
                                  UNMAPPED READS:
  Number of reads unmapped: too many mismatches |	2310051
       % of reads unmapped: too many mismatches |	12.07%
            Number of reads unmapped: too short |	1265671
                 % of reads unmapped: too short |	6.61%
                Number of reads unmapped: other |	34124
                     % of reads unmapped: other |	0.18%
                                  CHIMERIC READS:
                       Number of chimeric reads |	0
                            % of chimeric reads |	0.00%
