                                 Started job on |	Mar 10 16:28:16
                             Started mapping on |	Mar 10 16:28:16
                                    Finished on |	Mar 10 16:29:29
       Mapping speed, Million of reads per hour |	999.76

                          Number of input reads |	20272965
                      Average input read length |	75
                                    UNIQUE READS:
                   Uniquely mapped reads number |	13693904
                        Uniquely mapped reads % |	67.55%
                          Average mapped length |	76.00
                       Number of splices: Total |	646220
            Number of splices: Annotated (sjdb) |	470173
                       Number of splices: GT/AG |	584223
                       Number of splices: GC/AG |	4605
                       Number of splices: AT/AC |	1503
               Number of splices: Non-canonical |	55889
                      Mismatch rate per base, % |	1.46%
                         Deletion rate per base |	0.01%
                        Deletion average length |	1.21
                        Insertion rate per base |	0.00%
                       Insertion average length |	1.10
                             MULTI-MAPPING READS:
        Number of reads mapped to multiple loci |	2534191
             % of reads mapped to multiple loci |	12.50%
        Number of reads mapped to too many loci |	14775
             % of reads mapped to too many loci |	0.07%
                                  UNMAPPED READS:
  Number of reads unmapped: too many mismatches |	2629843
       % of reads unmapped: too many mismatches |	12.97%
            Number of reads unmapped: too short |	1365217
                 % of reads unmapped: too short |	6.73%
                Number of reads unmapped: other |	35035
                     % of reads unmapped: other |	0.17%
                                  CHIMERIC READS:
                       Number of chimeric reads |	0
                            % of chimeric reads |	0.00%
