                                 Started job on |	Mar 10 16:34:43
                             Started mapping on |	Mar 10 16:34:44
                                    Finished on |	Mar 10 16:35:56
       Mapping speed, Million of reads per hour |	950.39

                          Number of input reads |	19007809
                      Average input read length |	75
                                    UNIQUE READS:
                   Uniquely mapped reads number |	13034862
                        Uniquely mapped reads % |	68.58%
                          Average mapped length |	76.00
                       Number of splices: Total |	591611
            Number of splices: Annotated (sjdb) |	425164
                       Number of splices: GT/AG |	530055
                       Number of splices: GC/AG |	4029
                       Number of splices: AT/AC |	1372
               Number of splices: Non-canonical |	56155
                      Mismatch rate per base, % |	1.46%
                         Deletion rate per base |	0.01%
                        Deletion average length |	1.21
                        Insertion rate per base |	0.00%
                       Insertion average length |	1.10
                             MULTI-MAPPING READS:
        Number of reads mapped to multiple loci |	1616941
             % of reads mapped to multiple loci |	8.51%
        Number of reads mapped to too many loci |	15524
             % of reads mapped to too many loci |	0.08%
                                  UNMAPPED READS:
  Number of reads unmapped: too many mismatches |	2731078
       % of reads unmapped: too many mismatches |	14.37%
            Number of reads unmapped: too short |	1555365
                 % of reads unmapped: too short |	8.18%
                Number of reads unmapped: other |	54039
                     % of reads unmapped: other |	0.28%
                                  CHIMERIC READS:
                       Number of chimeric reads |	0
                            % of chimeric reads |	0.00%
