                                 Started job on |	Mar 10 16:27:10
                             Started mapping on |	Mar 10 16:27:14
                                    Finished on |	Mar 10 16:28:15
       Mapping speed, Million of reads per hour |	1163.42

                          Number of input reads |	19713587
                      Average input read length |	75
                                    UNIQUE READS:
                   Uniquely mapped reads number |	16056833
                        Uniquely mapped reads % |	81.45%
                          Average mapped length |	76.00
                       Number of splices: Total |	808324
            Number of splices: Annotated (sjdb) |	610532
                       Number of splices: GT/AG |	769888
                       Number of splices: GC/AG |	5303
                       Number of splices: AT/AC |	1922
               Number of splices: Non-canonical |	31211
                      Mismatch rate per base, % |	1.45%
                         Deletion rate per base |	0.01%
                        Deletion average length |	1.20
                        Insertion rate per base |	0.00%
                       Insertion average length |	1.11
                             MULTI-MAPPING READS:
        Number of reads mapped to multiple loci |	1678592
             % of reads mapped to multiple loci |	8.51%
        Number of reads mapped to too many loci |	7996
             % of reads mapped to too many loci |	0.04%
                                  UNMAPPED READS:
  Number of reads unmapped: too many mismatches |	1475261
       % of reads unmapped: too many mismatches |	7.48%
            Number of reads unmapped: too short |	467230
                 % of reads unmapped: too short |	2.37%
                Number of reads unmapped: other |	27675
                     % of reads unmapped: other |	0.14%
                                  CHIMERIC READS:
                       Number of chimeric reads |	0
                            % of chimeric reads |	0.00%
