                                 Started job on |	Mar 10 16:32:04
                             Started mapping on |	Mar 10 16:32:05
                                    Finished on |	Mar 10 16:33:08
       Mapping speed, Million of reads per hour |	1080.13

                          Number of input reads |	18902206
                      Average input read length |	75
                                    UNIQUE READS:
                   Uniquely mapped reads number |	14087603
                        Uniquely mapped reads % |	74.53%
                          Average mapped length |	76.00
                       Number of splices: Total |	601048
            Number of splices: Annotated (sjdb) |	445497
                       Number of splices: GT/AG |	554931
                       Number of splices: GC/AG |	4456
                       Number of splices: AT/AC |	1511
               Number of splices: Non-canonical |	40150
                      Mismatch rate per base, % |	1.45%
                         Deletion rate per base |	0.01%
                        Deletion average length |	1.20
                        Insertion rate per base |	0.00%
                       Insertion average length |	1.09
                             MULTI-MAPPING READS:
        Number of reads mapped to multiple loci |	1865129
             % of reads mapped to multiple loci |	9.87%
        Number of reads mapped to too many loci |	9349
             % of reads mapped to too many loci |	0.05%
                                  UNMAPPED READS:
  Number of reads unmapped: too many mismatches |	1834747
       % of reads unmapped: too many mismatches |	9.71%
            Number of reads unmapped: too short |	1049149
                 % of reads unmapped: too short |	5.55%
                Number of reads unmapped: other |	56229
                     % of reads unmapped: other |	0.30%
                                  CHIMERIC READS:
                       Number of chimeric reads |	0
                            % of chimeric reads |	0.00%
