STAR version=2.7.6a
STAR compilation time,server,dir=Sat Sep 19 11:48:47 EDT 2020 vega:/home/dobin/data/STAR/STARcode/STAR.master/source
##### Command Line:
STAR --genomeDir temp/genome/ --readFilesIn temp/trimmed/S50_R1_trimmed.fq.gz --readFilesCommand zcat --outFilterMultimapNmax 10 --outFilterMismatchNmax 4 --alignMatesGapMax 20000 --alignIntronMax 25000 --outFilterMatchNminOverLread 0.66 --alignEndsType EndToEnd --runThreadN 10 --outReadsUnmapped None --outFileNamePrefix results/star/S50_ --outSAMtype BAM SortedByCoordinate --outSAMattributes NH HI AS nM MD
##### Initial USER parameters from Command Line:
outFileNamePrefix                 results/star/S50_
###### All USER parameters from Command Line:
genomeDir                     temp/genome/     ~RE-DEFINED
readFilesIn                   temp/trimmed/S50_R1_trimmed.fq.gz        ~RE-DEFINED
readFilesCommand              zcat        ~RE-DEFINED
outFilterMultimapNmax         10     ~RE-DEFINED
outFilterMismatchNmax         4     ~RE-DEFINED
alignMatesGapMax              20000     ~RE-DEFINED
alignIntronMax                25000     ~RE-DEFINED
outFilterMatchNminOverLread   0.66     ~RE-DEFINED
alignEndsType                 EndToEnd     ~RE-DEFINED
runThreadN                    10     ~RE-DEFINED
outReadsUnmapped              None     ~RE-DEFINED
outFileNamePrefix             results/star/S50_     ~RE-DEFINED
outSAMtype                    BAM   SortedByCoordinate        ~RE-DEFINED
outSAMattributes              NH   HI   AS   nM   MD        ~RE-DEFINED
##### Finished reading parameters from all sources

##### Final user re-defined parameters-----------------:
runThreadN                        10
genomeDir                         temp/genome/
readFilesIn                       temp/trimmed/S50_R1_trimmed.fq.gz   
readFilesCommand                  zcat   
outFileNamePrefix                 results/star/S50_
outReadsUnmapped                  None
outSAMtype                        BAM   SortedByCoordinate   
outSAMattributes                  NH   HI   AS   nM   MD   
outFilterMultimapNmax             10
outFilterMatchNminOverLread       0.66
outFilterMismatchNmax             4
alignIntronMax                    25000
alignMatesGapMax                  20000
alignEndsType                     EndToEnd

-------------------------------
##### Final effective command line:
STAR   --runThreadN 10   --genomeDir temp/genome/   --readFilesIn temp/trimmed/S50_R1_trimmed.fq.gz      --readFilesCommand zcat      --outFileNamePrefix results/star/S50_   --outReadsUnmapped None   --outSAMtype BAM   SortedByCoordinate      --outSAMattributes NH   HI   AS   nM   MD      --outFilterMultimapNmax 10   --outFilterMatchNminOverLread 0.66   --outFilterMismatchNmax 4   --alignIntronMax 25000   --alignMatesGapMax 20000   --alignEndsType EndToEnd
----------------------------------------

Number of fastq files for each mate = 1

   Input read files for mate 1 :
-rw-r-----. 1 mgallan1 sils-omics-unix-fnwi 918694088 Mar 10 16:12 temp/trimmed/S50_R1_trimmed.fq.gz

   readsCommandsFile:
exec > "results/star/S50__STARtmp/tmp.fifo.read1"
echo FILE 0
zcat      "temp/trimmed/S50_R1_trimmed.fq.gz"

WARNING: --limitBAMsortRAM=0, will use genome size as RAM limit for BAM sorting
Finished loading and checking parameters
Reading genome generation parameters:
### STAR   --runMode genomeGenerate   --runThreadN 10   --genomeDir temp/genome/   --genomeFastaFiles config/refs/arabidopsis/GCA_000001735.2_TAIR10.1_genomic.fna      --genomeSAindexNbases 13   --limitGenomeGenerateRAM 100000000000   --sjdbGTFfile config/refs/arabidopsis/Araport11_GTF_genes_transposons.Mar92021.gtf   --sjdbOverhang 100
### GstrandBit=32
versionGenome                 2.7.4a     ~RE-DEFINED
genomeType                    Full     ~RE-DEFINED
genomeFastaFiles              config/refs/arabidopsis/GCA_000001735.2_TAIR10.1_genomic.fna        ~RE-DEFINED
genomeSAindexNbases           13     ~RE-DEFINED
genomeChrBinNbits             18     ~RE-DEFINED
genomeSAsparseD               1     ~RE-DEFINED
genomeTransformType           None     ~RE-DEFINED
genomeTransformVCF            -     ~RE-DEFINED
sjdbOverhang                  100     ~RE-DEFINED
sjdbFileChrStartEnd           -        ~RE-DEFINED
sjdbGTFfile                   config/refs/arabidopsis/Araport11_GTF_genes_transposons.Mar92021.gtf     ~RE-DEFINED
sjdbGTFchrPrefix              -     ~RE-DEFINED
sjdbGTFfeatureExon            exon     ~RE-DEFINED
sjdbGTFtagExonParentTranscripttranscript_id     ~RE-DEFINED
sjdbGTFtagExonParentGene      gene_id     ~RE-DEFINED
sjdbInsertSave                Basic     ~RE-DEFINED
genomeFileSizes               144313285   1180503946        ~RE-DEFINED
Genome version is compatible with current STAR
Number of real (reference) chromosomes= 7
1	Chr1	30427671	0
2	Chr2	19698289	30670848
3	Chr3	23459830	50593792
4	Chr4	18585056	74186752
5	Chr5	26975502	92798976
6	BK010421.1	367808	119799808
7	AP000423.1	154478	120324096
--sjdbOverhang = 100 taken from the generated genome
Started loading the genome: Wed Mar 10 16:32:04 2021

Genome: size given as a parameter = 144313285
SA: size given as a parameter = 1180503946
SAindex: size given as a parameter = 1
Read from SAindex: pGe.gSAindexNbases=13  nSAi=89478484
nGenome=144313285;  nSAbyte=1180503946
GstrandBit=32   SA number of indices=286182774
Shared memory is not used for genomes. Allocated a private copy of the genome.
Genome file size: 144313285 bytes; state: good=1 eof=0 fail=0 bad=0
Loading Genome ... done! state: good=1 eof=0 fail=0 bad=0; loaded 144313285 bytes
SA file size: 1180503946 bytes; state: good=1 eof=0 fail=0 bad=0
Loading SA ... done! state: good=1 eof=0 fail=0 bad=0; loaded 1180503946 bytes
Loading SAindex ... done: 391468491 bytes
Finished loading the genome: Wed Mar 10 16:32:05 2021

Processing splice junctions database sjdbN=118045,   pGe.sjdbOverhang=100 
To accommodate alignIntronMax=25000 redefined winBinNbits=13
To accommodate alignIntronMax=25000 and alignMatesGapMax=20000, redefined winFlankNbins=4 and winAnchorDistNbins=8
Created thread # 1
Starting to map file # 0
mate 1:   temp/trimmed/S50_R1_trimmed.fq.gz
Created thread # 2
Created thread # 3
Created thread # 4
Created thread # 5
Created thread # 6
Created thread # 7
Created thread # 8
Created thread # 9
BAM sorting: 263125 mapped reads
BAM sorting bins genomic start loci:
1	0	2457071
2	0	4392589
3	0	7042689
4	0	10472285
5	0	11214996
6	0	19453757
7	0	22700952
8	0	25048457
9	0	28441692
10	1	4448
11	1	6345
12	1	6427
13	1	3416892
14	1	9265360
15	1	13019422
16	1	14532811
17	1	18103169
18	2	588451
19	2	3482322
20	2	5669526
21	2	8587861
22	2	14198683
23	2	14200222
24	2	14200382
25	2	18914826
26	2	21995755
27	3	1331631
28	3	7522542
29	3	11603780
30	3	14836917
31	3	17787586
32	4	658884
33	4	4490162
34	4	7514444
35	4	15377455
36	4	17502863
37	4	22039256
38	4	24834509
39	5	141041
40	6	4180
41	6	28957
42	6	41968
43	6	55489
44	6	78167
45	6	103921
46	6	104785
47	6	133751
48	6	133872
Thread #0 end of input stream, nextChar=-1
Completed: thread #4
Completed: thread #9
Completed: thread #5
Completed: thread #6
Completed: thread #1
Completed: thread #7
Completed: thread #0
Joined thread # 1
Completed: thread #2
Joined thread # 2
Completed: thread #8
Completed: thread #3
Joined thread # 3
Joined thread # 4
Joined thread # 5
Joined thread # 6
Joined thread # 7
Joined thread # 8
Joined thread # 9
Mar 10 16:32:57 ..... started sorting BAM
Max memory needed for sorting = 99143841
ALL DONE!
