                                 Started job on |	Mar 10 16:28:47
                             Started mapping on |	Mar 10 16:28:48
                                    Finished on |	Mar 10 16:30:01
       Mapping speed, Million of reads per hour |	1037.16

                          Number of input reads |	21031371
                      Average input read length |	75
                                    UNIQUE READS:
                   Uniquely mapped reads number |	12777856
                        Uniquely mapped reads % |	60.76%
                          Average mapped length |	75.99
                       Number of splices: Total |	574680
            Number of splices: Annotated (sjdb) |	400070
                       Number of splices: GT/AG |	500054
                       Number of splices: GC/AG |	3875
                       Number of splices: AT/AC |	1466
               Number of splices: Non-canonical |	69285
                      Mismatch rate per base, % |	1.49%
                         Deletion rate per base |	0.01%
                        Deletion average length |	1.20
                        Insertion rate per base |	0.00%
                       Insertion average length |	1.11
                             MULTI-MAPPING READS:
        Number of reads mapped to multiple loci |	2645145
             % of reads mapped to multiple loci |	12.58%
        Number of reads mapped to too many loci |	16414
             % of reads mapped to too many loci |	0.08%
                                  UNMAPPED READS:
  Number of reads unmapped: too many mismatches |	3400671
       % of reads unmapped: too many mismatches |	16.17%
            Number of reads unmapped: too short |	2150341
                 % of reads unmapped: too short |	10.22%
                Number of reads unmapped: other |	40944
                     % of reads unmapped: other |	0.19%
                                  CHIMERIC READS:
                       Number of chimeric reads |	0
                            % of chimeric reads |	0.00%
