                                 Started job on |	Mar 10 16:39:41
                             Started mapping on |	Mar 10 16:39:42
                                    Finished on |	Mar 10 16:40:45
       Mapping speed, Million of reads per hour |	942.25

                          Number of input reads |	16489439
                      Average input read length |	75
                                    UNIQUE READS:
                   Uniquely mapped reads number |	12174167
                        Uniquely mapped reads % |	73.83%
                          Average mapped length |	76.00
                       Number of splices: Total |	545825
            Number of splices: Annotated (sjdb) |	401821
                       Number of splices: GT/AG |	502483
                       Number of splices: GC/AG |	3931
                       Number of splices: AT/AC |	1424
               Number of splices: Non-canonical |	37987
                      Mismatch rate per base, % |	1.50%
                         Deletion rate per base |	0.01%
                        Deletion average length |	1.21
                        Insertion rate per base |	0.00%
                       Insertion average length |	1.10
                             MULTI-MAPPING READS:
        Number of reads mapped to multiple loci |	1533650
             % of reads mapped to multiple loci |	9.30%
        Number of reads mapped to too many loci |	8227
             % of reads mapped to too many loci |	0.05%
                                  UNMAPPED READS:
  Number of reads unmapped: too many mismatches |	1710674
       % of reads unmapped: too many mismatches |	10.37%
            Number of reads unmapped: too short |	1014285
                 % of reads unmapped: too short |	6.15%
                Number of reads unmapped: other |	48436
                     % of reads unmapped: other |	0.29%
                                  CHIMERIC READS:
                       Number of chimeric reads |	0
                            % of chimeric reads |	0.00%
