[2021-05-27 16:47:19,452] multiqc                                            [DEBUG  ]  No MultiQC config found: /home/mgallan1/miniconda3/envs/rnaseq/lib/python3.7/site-packages/multiqc_config.yaml
[2021-05-27 16:47:19,452] multiqc                                            [DEBUG  ]  No MultiQC config found: /home/mgallan1/.multiqc_config.yaml
[2021-05-27 16:47:19,453] multiqc                                            [DEBUG  ]  No MultiQC config found: multiqc_config.yaml
[2021-05-27 16:47:19,453] multiqc                                            [DEBUG  ]  Command used: /home/mgallan1/miniconda3/envs/rnaseq/bin/multiqc --force --outdir results/ /scratch/mgallan1/temp/fastp/
[2021-05-27 16:47:19,553] multiqc                                            [WARNING]  MultiQC Version v1.10.1 now available!
[2021-05-27 16:47:19,553] multiqc                                            [INFO   ]  This is MultiQC v1.9
[2021-05-27 16:47:19,553] multiqc                                            [DEBUG  ]  Command     : /home/mgallan1/miniconda3/envs/rnaseq/bin/multiqc --force --outdir results/ /scratch/mgallan1/temp/fastp/
[2021-05-27 16:47:19,553] multiqc                                            [DEBUG  ]  Working dir : /zfs/omics/personal/mgallan1/workspace/snakemake_rnaseq
[2021-05-27 16:47:19,553] multiqc                                            [INFO   ]  Template    : default
[2021-05-27 16:47:19,553] multiqc                                            [DEBUG  ]  Running Python 3.7.9 (default, Aug 31 2020, 12:42:55)  [GCC 7.3.0]
[2021-05-27 16:47:19,553] multiqc                                            [INFO   ]  Searching   : /scratch/mgallan1/temp/fastp
[2021-05-27 16:47:19,554] multiqc                                            [DEBUG  ]  Analysing modules: custom_content, conpair, peddy, somalier, methylQA, mosdepth, phantompeakqualtools, qualimap, preseq, quast, qorts, rna_seqc, rockhopper, rsem, rseqc, busco, goleft_indexcov, disambiguate, supernova, deeptools, sargasso, verifybamid, mirtrace, happy, mirtop, homer, macs2, theta2, snpeff, gatk, htseq, bcftools, featureCounts, fgbio, dragen, dedup, damageprofiler, biobambam2, mtnucratio, picard, prokka, samblaster, samtools, sexdeterrmine, bamtools, jellyfish, vcftools, longranger, stacks, varscan2, bbmap, bismark, biscuit, hicexplorer, hicup, hicpro, salmon, kallisto, slamdunk, star, hisat2, tophat, bowtie2, bowtie1, snpsplit, kat, leehom, adapterRemoval, clipandmerge, cutadapt, flexbar, kaiju, kraken, malt, trimmomatic, sickle, skewer, sortmerna, biobloomtools, fastq_screen, afterqc, fastp, fastqc, pycoqc, minionqc, multivcfanalyzer, clusterflow, bcl2fastq, interop, ivar, flash, seqyclean
[2021-05-27 16:47:19,554] multiqc                                            [DEBUG  ]  Using temporary directory for creating report: /tmp/tmp2yobpg00
[2021-05-27 16:47:19,686] multiqc                                            [DEBUG  ]  Ignoring file as matched an ignore pattern: S20_fastp.html
[2021-05-27 16:47:19,687] multiqc                                            [DEBUG  ]  Ignoring file as matched an ignore pattern: S14_fastp.html
[2021-05-27 16:47:19,687] multiqc                                            [DEBUG  ]  Ignoring file as matched an ignore pattern: S11_fastp.html
[2021-05-27 16:47:19,687] multiqc                                            [DEBUG  ]  Ignoring file as matched an ignore pattern: S19_fastp.html
[2021-05-27 16:47:19,688] multiqc                                            [DEBUG  ]  Ignoring file as matched an ignore pattern: S05_fastp.html
[2021-05-27 16:47:19,688] multiqc                                            [DEBUG  ]  Ignoring file as matched an ignore pattern: S13_fastp.html
[2021-05-27 16:47:19,688] multiqc                                            [DEBUG  ]  Ignoring file as matched an ignore pattern: S08_fastp.html
[2021-05-27 16:47:19,689] multiqc                                            [DEBUG  ]  Ignoring file as matched an ignore pattern: S09_fastp.html
[2021-05-27 16:47:19,689] multiqc                                            [DEBUG  ]  Ignoring file as matched an ignore pattern: S18_fastp.html
[2021-05-27 16:47:19,690] multiqc                                            [DEBUG  ]  Ignoring file as matched an ignore pattern: S16_fastp.html
[2021-05-27 16:47:19,690] multiqc                                            [DEBUG  ]  Ignoring file as matched an ignore pattern: S03_fastp.html
[2021-05-27 16:47:19,690] multiqc                                            [DEBUG  ]  Ignoring file as matched an ignore pattern: S12_fastp.html
[2021-05-27 16:47:19,691] multiqc                                            [DEBUG  ]  Ignoring file as matched an ignore pattern: S15_fastp.html
[2021-05-27 16:47:19,691] multiqc                                            [DEBUG  ]  Ignoring file as matched an ignore pattern: S04_fastp.html
[2021-05-27 16:47:19,691] multiqc                                            [DEBUG  ]  Ignoring file as matched an ignore pattern: S02_fastp.html
[2021-05-27 16:47:19,692] multiqc                                            [DEBUG  ]  Ignoring file as matched an ignore pattern: S10_fastp.html
[2021-05-27 16:47:19,692] multiqc                                            [DEBUG  ]  Ignoring file as matched an ignore pattern: S06_fastp.html
[2021-05-27 16:47:19,692] multiqc                                            [DEBUG  ]  Ignoring file as matched an ignore pattern: S17_fastp.html
[2021-05-27 16:47:19,693] multiqc                                            [DEBUG  ]  Ignoring file as matched an ignore pattern: S01_fastp.html
[2021-05-27 16:47:19,693] multiqc                                            [DEBUG  ]  Ignoring file as matched an ignore pattern: S07_fastp.html
[2021-05-27 16:47:20,163] multiqc.plots.bargraph                             [DEBUG  ]  Using matplotlib version 3.3.3
[2021-05-27 16:47:20,165] multiqc.plots.linegraph                            [DEBUG  ]  Using matplotlib version 3.3.3
[2021-05-27 16:47:20,168] multiqc                                            [DEBUG  ]  No samples found: custom_content
[2021-05-27 16:47:20,177] multiqc                                            [DEBUG  ]  No samples found: conpair
[2021-05-27 16:47:20,186] multiqc                                            [DEBUG  ]  No samples found: peddy
[2021-05-27 16:47:20,194] multiqc                                            [DEBUG  ]  No samples found: somalier
[2021-05-27 16:47:20,201] multiqc                                            [DEBUG  ]  No samples found: methylQA
[2021-05-27 16:47:20,213] multiqc                                            [DEBUG  ]  No samples found: mosdepth
[2021-05-27 16:47:20,220] multiqc                                            [DEBUG  ]  No samples found: phantompeakqualtools
[2021-05-27 16:47:20,223] multiqc                                            [DEBUG  ]  No samples found: qualimap
[2021-05-27 16:47:20,229] multiqc                                            [DEBUG  ]  No samples found: preseq
[2021-05-27 16:47:20,235] multiqc                                            [DEBUG  ]  No samples found: quast
[2021-05-27 16:47:20,240] multiqc                                            [DEBUG  ]  No samples found: qorts
[2021-05-27 16:47:20,246] multiqc                                            [DEBUG  ]  No samples found: rna_seqc
[2021-05-27 16:47:20,251] multiqc                                            [DEBUG  ]  No samples found: rockhopper
[2021-05-27 16:47:20,256] multiqc                                            [DEBUG  ]  No samples found: rsem
[2021-05-27 16:47:20,271] multiqc                                            [DEBUG  ]  No samples found: rseqc
[2021-05-27 16:47:20,276] multiqc                                            [DEBUG  ]  No samples found: busco
[2021-05-27 16:47:20,281] multiqc                                            [DEBUG  ]  No samples found: goleft_indexcov
[2021-05-27 16:47:20,286] multiqc                                            [DEBUG  ]  No samples found: disambiguate
[2021-05-27 16:47:20,292] multiqc                                            [DEBUG  ]  No samples found: supernova
[2021-05-27 16:47:20,307] multiqc                                            [DEBUG  ]  No samples found: deeptools
[2021-05-27 16:47:20,313] multiqc                                            [DEBUG  ]  No samples found: sargasso
[2021-05-27 16:47:20,320] multiqc                                            [DEBUG  ]  No samples found: verifybamid
[2021-05-27 16:47:20,326] multiqc                                            [DEBUG  ]  No samples found: mirtrace
[2021-05-27 16:47:20,333] multiqc                                            [DEBUG  ]  No samples found: happy
[2021-05-27 16:47:20,338] multiqc                                            [DEBUG  ]  No samples found: mirtop
[2021-05-27 16:47:20,346] multiqc                                            [DEBUG  ]  No samples found: homer
[2021-05-27 16:47:20,351] multiqc                                            [DEBUG  ]  No samples found: macs2
[2021-05-27 16:47:20,356] multiqc                                            [DEBUG  ]  No samples found: theta2
[2021-05-27 16:47:20,361] multiqc                                            [DEBUG  ]  No samples found: snpeff
[2021-05-27 16:47:20,368] multiqc                                            [DEBUG  ]  No samples found: gatk
[2021-05-27 16:47:20,374] multiqc                                            [DEBUG  ]  No samples found: htseq
[2021-05-27 16:47:20,380] multiqc                                            [DEBUG  ]  No samples found: bcftools
[2021-05-27 16:47:20,385] multiqc                                            [DEBUG  ]  No samples found: featureCounts
[2021-05-27 16:47:20,393] multiqc                                            [DEBUG  ]  No samples found: fgbio
[2021-05-27 16:47:20,406] multiqc                                            [DEBUG  ]  No samples found: dragen
[2021-05-27 16:47:20,412] multiqc                                            [DEBUG  ]  No samples found: dedup
[2021-05-27 16:47:20,417] multiqc                                            [DEBUG  ]  No samples found: damageprofiler
[2021-05-27 16:47:20,444] multiqc                                            [DEBUG  ]  No samples found: biobambam2
[2021-05-27 16:47:20,451] multiqc                                            [DEBUG  ]  No samples found: mtnucratio
[2021-05-27 16:47:20,454] multiqc                                            [DEBUG  ]  No samples found: picard
[2021-05-27 16:47:20,461] multiqc                                            [DEBUG  ]  No samples found: prokka
[2021-05-27 16:47:20,467] multiqc                                            [DEBUG  ]  No samples found: samblaster
[2021-05-27 16:47:20,477] multiqc                                            [DEBUG  ]  No samples found: samtools
[2021-05-27 16:47:20,483] multiqc                                            [DEBUG  ]  No samples found: sexdeterrmine
[2021-05-27 16:47:20,489] multiqc                                            [DEBUG  ]  No samples found: bamtools
[2021-05-27 16:47:20,494] multiqc                                            [DEBUG  ]  No samples found: jellyfish
[2021-05-27 16:47:20,503] multiqc                                            [DEBUG  ]  No samples found: vcftools
[2021-05-27 16:47:20,508] multiqc                                            [DEBUG  ]  No samples found: longranger
[2021-05-27 16:47:20,515] multiqc                                            [DEBUG  ]  No samples found: stacks
[2021-05-27 16:47:20,521] multiqc                                            [DEBUG  ]  No samples found: varscan2
[2021-05-27 16:47:20,539] multiqc                                            [DEBUG  ]  No samples found: bbmap
[2021-05-27 16:47:20,544] multiqc                                            [DEBUG  ]  No samples found: bismark
[2021-05-27 16:47:20,551] multiqc                                            [DEBUG  ]  No samples found: biscuit
[2021-05-27 16:47:20,556] multiqc                                            [DEBUG  ]  No samples found: hicexplorer
[2021-05-27 16:47:20,561] multiqc                                            [DEBUG  ]  No samples found: hicup
[2021-05-27 16:47:20,567] multiqc                                            [DEBUG  ]  No samples found: hicpro
[2021-05-27 16:47:20,572] multiqc                                            [DEBUG  ]  No samples found: salmon
[2021-05-27 16:47:20,577] multiqc                                            [DEBUG  ]  No samples found: kallisto
[2021-05-27 16:47:20,582] multiqc                                            [DEBUG  ]  No samples found: slamdunk
[2021-05-27 16:47:20,587] multiqc                                            [DEBUG  ]  No samples found: star
[2021-05-27 16:47:20,592] multiqc                                            [DEBUG  ]  No samples found: hisat2
[2021-05-27 16:47:20,598] multiqc                                            [DEBUG  ]  No samples found: tophat
[2021-05-27 16:47:20,603] multiqc                                            [DEBUG  ]  No samples found: bowtie2
[2021-05-27 16:47:20,608] multiqc                                            [DEBUG  ]  No samples found: bowtie1
[2021-05-27 16:47:20,613] multiqc                                            [DEBUG  ]  No samples found: snpsplit
[2021-05-27 16:47:20,618] multiqc                                            [DEBUG  ]  No samples found: kat
[2021-05-27 16:47:20,623] multiqc                                            [DEBUG  ]  No samples found: leehom
[2021-05-27 16:47:20,628] multiqc                                            [DEBUG  ]  No samples found: adapterRemoval
[2021-05-27 16:47:20,633] multiqc                                            [DEBUG  ]  No samples found: clipandmerge
[2021-05-27 16:47:20,639] multiqc                                            [DEBUG  ]  No samples found: cutadapt
[2021-05-27 16:47:20,644] multiqc                                            [DEBUG  ]  No samples found: flexbar
[2021-05-27 16:47:20,649] multiqc                                            [DEBUG  ]  No samples found: kaiju
[2021-05-27 16:47:20,654] multiqc                                            [DEBUG  ]  No samples found: kraken
[2021-05-27 16:47:20,659] multiqc                                            [DEBUG  ]  No samples found: malt
[2021-05-27 16:47:20,664] multiqc                                            [DEBUG  ]  No samples found: trimmomatic
[2021-05-27 16:47:20,669] multiqc                                            [DEBUG  ]  No samples found: sickle
[2021-05-27 16:47:20,675] multiqc                                            [DEBUG  ]  No samples found: skewer
[2021-05-27 16:47:20,680] multiqc                                            [DEBUG  ]  No samples found: sortmerna
[2021-05-27 16:47:20,685] multiqc                                            [DEBUG  ]  No samples found: biobloomtools
[2021-05-27 16:47:20,690] multiqc                                            [DEBUG  ]  No samples found: fastq_screen
[2021-05-27 16:47:20,695] multiqc                                            [DEBUG  ]  No samples found: afterqc
[2021-05-27 16:47:20,701] multiqc.modules.fastp.fastp                        [DEBUG  ]  fastp JSON did not have a 'adapter_cutting' key, skipping: 'S20_fastp.json'
[2021-05-27 16:47:20,701] multiqc.modules.fastp.fastp                        [DEBUG  ]  Could not calculate 'pct_adapter': S20_fastp.json
[2021-05-27 16:47:20,701] multiqc.modules.fastp.fastp                        [DEBUG  ]  No insert size plot data: S20_fastp.json
[2021-05-27 16:47:20,701] multiqc.modules.fastp.fastp                        [DEBUG  ]  Read quality read2_before_filtering not found: S20_fastp.json
[2021-05-27 16:47:20,701] multiqc.modules.fastp.fastp                        [DEBUG  ]  Content curve data read2_before_filtering not found: S20_fastp.json
[2021-05-27 16:47:20,701] multiqc.modules.fastp.fastp                        [DEBUG  ]  Read quality read2_after_filtering not found: S20_fastp.json
[2021-05-27 16:47:20,701] multiqc.modules.fastp.fastp                        [DEBUG  ]  Content curve data read2_after_filtering not found: S20_fastp.json
[2021-05-27 16:47:20,702] multiqc.modules.fastp.fastp                        [DEBUG  ]  fastp JSON did not have a 'adapter_cutting' key, skipping: 'S14_fastp.json'
[2021-05-27 16:47:20,702] multiqc.modules.fastp.fastp                        [DEBUG  ]  Could not calculate 'pct_adapter': S14_fastp.json
[2021-05-27 16:47:20,702] multiqc.modules.fastp.fastp                        [DEBUG  ]  No insert size plot data: S14_fastp.json
[2021-05-27 16:47:20,702] multiqc.modules.fastp.fastp                        [DEBUG  ]  Read quality read2_before_filtering not found: S14_fastp.json
[2021-05-27 16:47:20,702] multiqc.modules.fastp.fastp                        [DEBUG  ]  Content curve data read2_before_filtering not found: S14_fastp.json
[2021-05-27 16:47:20,703] multiqc.modules.fastp.fastp                        [DEBUG  ]  Read quality read2_after_filtering not found: S14_fastp.json
[2021-05-27 16:47:20,703] multiqc.modules.fastp.fastp                        [DEBUG  ]  Content curve data read2_after_filtering not found: S14_fastp.json
[2021-05-27 16:47:20,703] multiqc.modules.fastp.fastp                        [DEBUG  ]  fastp JSON did not have a 'adapter_cutting' key, skipping: 'S11_fastp.json'
[2021-05-27 16:47:20,703] multiqc.modules.fastp.fastp                        [DEBUG  ]  Could not calculate 'pct_adapter': S11_fastp.json
[2021-05-27 16:47:20,703] multiqc.modules.fastp.fastp                        [DEBUG  ]  No insert size plot data: S11_fastp.json
[2021-05-27 16:47:20,704] multiqc.modules.fastp.fastp                        [DEBUG  ]  Read quality read2_before_filtering not found: S11_fastp.json
[2021-05-27 16:47:20,704] multiqc.modules.fastp.fastp                        [DEBUG  ]  Content curve data read2_before_filtering not found: S11_fastp.json
[2021-05-27 16:47:20,704] multiqc.modules.fastp.fastp                        [DEBUG  ]  Read quality read2_after_filtering not found: S11_fastp.json
[2021-05-27 16:47:20,704] multiqc.modules.fastp.fastp                        [DEBUG  ]  Content curve data read2_after_filtering not found: S11_fastp.json
[2021-05-27 16:47:20,705] multiqc.modules.fastp.fastp                        [DEBUG  ]  fastp JSON did not have a 'adapter_cutting' key, skipping: 'S19_fastp.json'
[2021-05-27 16:47:20,705] multiqc.modules.fastp.fastp                        [DEBUG  ]  Could not calculate 'pct_adapter': S19_fastp.json
[2021-05-27 16:47:20,705] multiqc.modules.fastp.fastp                        [DEBUG  ]  No insert size plot data: S19_fastp.json
[2021-05-27 16:47:20,705] multiqc.modules.fastp.fastp                        [DEBUG  ]  Read quality read2_before_filtering not found: S19_fastp.json
[2021-05-27 16:47:20,705] multiqc.modules.fastp.fastp                        [DEBUG  ]  Content curve data read2_before_filtering not found: S19_fastp.json
[2021-05-27 16:47:20,705] multiqc.modules.fastp.fastp                        [DEBUG  ]  Read quality read2_after_filtering not found: S19_fastp.json
[2021-05-27 16:47:20,705] multiqc.modules.fastp.fastp                        [DEBUG  ]  Content curve data read2_after_filtering not found: S19_fastp.json
[2021-05-27 16:47:20,706] multiqc.modules.fastp.fastp                        [DEBUG  ]  fastp JSON did not have a 'adapter_cutting' key, skipping: 'S05_fastp.json'
[2021-05-27 16:47:20,706] multiqc.modules.fastp.fastp                        [DEBUG  ]  Could not calculate 'pct_adapter': S05_fastp.json
[2021-05-27 16:47:20,706] multiqc.modules.fastp.fastp                        [DEBUG  ]  No insert size plot data: S05_fastp.json
[2021-05-27 16:47:20,706] multiqc.modules.fastp.fastp                        [DEBUG  ]  Read quality read2_before_filtering not found: S05_fastp.json
[2021-05-27 16:47:20,706] multiqc.modules.fastp.fastp                        [DEBUG  ]  Content curve data read2_before_filtering not found: S05_fastp.json
[2021-05-27 16:47:20,706] multiqc.modules.fastp.fastp                        [DEBUG  ]  Read quality read2_after_filtering not found: S05_fastp.json
[2021-05-27 16:47:20,706] multiqc.modules.fastp.fastp                        [DEBUG  ]  Content curve data read2_after_filtering not found: S05_fastp.json
[2021-05-27 16:47:20,707] multiqc.modules.fastp.fastp                        [DEBUG  ]  fastp JSON did not have a 'adapter_cutting' key, skipping: 'S13_fastp.json'
[2021-05-27 16:47:20,707] multiqc.modules.fastp.fastp                        [DEBUG  ]  Could not calculate 'pct_adapter': S13_fastp.json
[2021-05-27 16:47:20,707] multiqc.modules.fastp.fastp                        [DEBUG  ]  No insert size plot data: S13_fastp.json
[2021-05-27 16:47:20,707] multiqc.modules.fastp.fastp                        [DEBUG  ]  Read quality read2_before_filtering not found: S13_fastp.json
[2021-05-27 16:47:20,707] multiqc.modules.fastp.fastp                        [DEBUG  ]  Content curve data read2_before_filtering not found: S13_fastp.json
[2021-05-27 16:47:20,707] multiqc.modules.fastp.fastp                        [DEBUG  ]  Read quality read2_after_filtering not found: S13_fastp.json
[2021-05-27 16:47:20,707] multiqc.modules.fastp.fastp                        [DEBUG  ]  Content curve data read2_after_filtering not found: S13_fastp.json
[2021-05-27 16:47:20,708] multiqc.modules.fastp.fastp                        [DEBUG  ]  fastp JSON did not have a 'adapter_cutting' key, skipping: 'S08_fastp.json'
[2021-05-27 16:47:20,708] multiqc.modules.fastp.fastp                        [DEBUG  ]  Could not calculate 'pct_adapter': S08_fastp.json
[2021-05-27 16:47:20,708] multiqc.modules.fastp.fastp                        [DEBUG  ]  No insert size plot data: S08_fastp.json
[2021-05-27 16:47:20,708] multiqc.modules.fastp.fastp                        [DEBUG  ]  Read quality read2_before_filtering not found: S08_fastp.json
[2021-05-27 16:47:20,708] multiqc.modules.fastp.fastp                        [DEBUG  ]  Content curve data read2_before_filtering not found: S08_fastp.json
[2021-05-27 16:47:20,708] multiqc.modules.fastp.fastp                        [DEBUG  ]  Read quality read2_after_filtering not found: S08_fastp.json
[2021-05-27 16:47:20,708] multiqc.modules.fastp.fastp                        [DEBUG  ]  Content curve data read2_after_filtering not found: S08_fastp.json
[2021-05-27 16:47:20,709] multiqc.modules.fastp.fastp                        [DEBUG  ]  fastp JSON did not have a 'adapter_cutting' key, skipping: 'S09_fastp.json'
[2021-05-27 16:47:20,709] multiqc.modules.fastp.fastp                        [DEBUG  ]  Could not calculate 'pct_adapter': S09_fastp.json
[2021-05-27 16:47:20,709] multiqc.modules.fastp.fastp                        [DEBUG  ]  No insert size plot data: S09_fastp.json
[2021-05-27 16:47:20,709] multiqc.modules.fastp.fastp                        [DEBUG  ]  Read quality read2_before_filtering not found: S09_fastp.json
[2021-05-27 16:47:20,709] multiqc.modules.fastp.fastp                        [DEBUG  ]  Content curve data read2_before_filtering not found: S09_fastp.json
[2021-05-27 16:47:20,709] multiqc.modules.fastp.fastp                        [DEBUG  ]  Read quality read2_after_filtering not found: S09_fastp.json
[2021-05-27 16:47:20,709] multiqc.modules.fastp.fastp                        [DEBUG  ]  Content curve data read2_after_filtering not found: S09_fastp.json
[2021-05-27 16:47:20,710] multiqc.modules.fastp.fastp                        [DEBUG  ]  fastp JSON did not have a 'adapter_cutting' key, skipping: 'S18_fastp.json'
[2021-05-27 16:47:20,710] multiqc.modules.fastp.fastp                        [DEBUG  ]  Could not calculate 'pct_adapter': S18_fastp.json
[2021-05-27 16:47:20,710] multiqc.modules.fastp.fastp                        [DEBUG  ]  No insert size plot data: S18_fastp.json
[2021-05-27 16:47:20,710] multiqc.modules.fastp.fastp                        [DEBUG  ]  Read quality read2_before_filtering not found: S18_fastp.json
[2021-05-27 16:47:20,710] multiqc.modules.fastp.fastp                        [DEBUG  ]  Content curve data read2_before_filtering not found: S18_fastp.json
[2021-05-27 16:47:20,710] multiqc.modules.fastp.fastp                        [DEBUG  ]  Read quality read2_after_filtering not found: S18_fastp.json
[2021-05-27 16:47:20,710] multiqc.modules.fastp.fastp                        [DEBUG  ]  Content curve data read2_after_filtering not found: S18_fastp.json
[2021-05-27 16:47:20,711] multiqc.modules.fastp.fastp                        [DEBUG  ]  fastp JSON did not have a 'adapter_cutting' key, skipping: 'S16_fastp.json'
[2021-05-27 16:47:20,711] multiqc.modules.fastp.fastp                        [DEBUG  ]  Could not calculate 'pct_adapter': S16_fastp.json
[2021-05-27 16:47:20,711] multiqc.modules.fastp.fastp                        [DEBUG  ]  No insert size plot data: S16_fastp.json
[2021-05-27 16:47:20,711] multiqc.modules.fastp.fastp                        [DEBUG  ]  Read quality read2_before_filtering not found: S16_fastp.json
[2021-05-27 16:47:20,711] multiqc.modules.fastp.fastp                        [DEBUG  ]  Content curve data read2_before_filtering not found: S16_fastp.json
[2021-05-27 16:47:20,712] multiqc.modules.fastp.fastp                        [DEBUG  ]  Read quality read2_after_filtering not found: S16_fastp.json
[2021-05-27 16:47:20,712] multiqc.modules.fastp.fastp                        [DEBUG  ]  Content curve data read2_after_filtering not found: S16_fastp.json
[2021-05-27 16:47:20,712] multiqc.modules.fastp.fastp                        [DEBUG  ]  fastp JSON did not have a 'adapter_cutting' key, skipping: 'S03_fastp.json'
[2021-05-27 16:47:20,712] multiqc.modules.fastp.fastp                        [DEBUG  ]  Could not calculate 'pct_adapter': S03_fastp.json
[2021-05-27 16:47:20,712] multiqc.modules.fastp.fastp                        [DEBUG  ]  No insert size plot data: S03_fastp.json
[2021-05-27 16:47:20,713] multiqc.modules.fastp.fastp                        [DEBUG  ]  Read quality read2_before_filtering not found: S03_fastp.json
[2021-05-27 16:47:20,713] multiqc.modules.fastp.fastp                        [DEBUG  ]  Content curve data read2_before_filtering not found: S03_fastp.json
[2021-05-27 16:47:20,713] multiqc.modules.fastp.fastp                        [DEBUG  ]  Read quality read2_after_filtering not found: S03_fastp.json
[2021-05-27 16:47:20,713] multiqc.modules.fastp.fastp                        [DEBUG  ]  Content curve data read2_after_filtering not found: S03_fastp.json
[2021-05-27 16:47:20,713] multiqc.modules.fastp.fastp                        [DEBUG  ]  fastp JSON did not have a 'adapter_cutting' key, skipping: 'S12_fastp.json'
[2021-05-27 16:47:20,713] multiqc.modules.fastp.fastp                        [DEBUG  ]  Could not calculate 'pct_adapter': S12_fastp.json
[2021-05-27 16:47:20,714] multiqc.modules.fastp.fastp                        [DEBUG  ]  No insert size plot data: S12_fastp.json
[2021-05-27 16:47:20,714] multiqc.modules.fastp.fastp                        [DEBUG  ]  Read quality read2_before_filtering not found: S12_fastp.json
[2021-05-27 16:47:20,714] multiqc.modules.fastp.fastp                        [DEBUG  ]  Content curve data read2_before_filtering not found: S12_fastp.json
[2021-05-27 16:47:20,714] multiqc.modules.fastp.fastp                        [DEBUG  ]  Read quality read2_after_filtering not found: S12_fastp.json
[2021-05-27 16:47:20,714] multiqc.modules.fastp.fastp                        [DEBUG  ]  Content curve data read2_after_filtering not found: S12_fastp.json
[2021-05-27 16:47:20,715] multiqc.modules.fastp.fastp                        [DEBUG  ]  fastp JSON did not have a 'adapter_cutting' key, skipping: 'S15_fastp.json'
[2021-05-27 16:47:20,715] multiqc.modules.fastp.fastp                        [DEBUG  ]  Could not calculate 'pct_adapter': S15_fastp.json
[2021-05-27 16:47:20,715] multiqc.modules.fastp.fastp                        [DEBUG  ]  No insert size plot data: S15_fastp.json
[2021-05-27 16:47:20,715] multiqc.modules.fastp.fastp                        [DEBUG  ]  Read quality read2_before_filtering not found: S15_fastp.json
[2021-05-27 16:47:20,715] multiqc.modules.fastp.fastp                        [DEBUG  ]  Content curve data read2_before_filtering not found: S15_fastp.json
[2021-05-27 16:47:20,715] multiqc.modules.fastp.fastp                        [DEBUG  ]  Read quality read2_after_filtering not found: S15_fastp.json
[2021-05-27 16:47:20,715] multiqc.modules.fastp.fastp                        [DEBUG  ]  Content curve data read2_after_filtering not found: S15_fastp.json
[2021-05-27 16:47:20,716] multiqc.modules.fastp.fastp                        [DEBUG  ]  fastp JSON did not have a 'adapter_cutting' key, skipping: 'S04_fastp.json'
[2021-05-27 16:47:20,716] multiqc.modules.fastp.fastp                        [DEBUG  ]  Could not calculate 'pct_adapter': S04_fastp.json
[2021-05-27 16:47:20,716] multiqc.modules.fastp.fastp                        [DEBUG  ]  No insert size plot data: S04_fastp.json
[2021-05-27 16:47:20,716] multiqc.modules.fastp.fastp                        [DEBUG  ]  Read quality read2_before_filtering not found: S04_fastp.json
[2021-05-27 16:47:20,716] multiqc.modules.fastp.fastp                        [DEBUG  ]  Content curve data read2_before_filtering not found: S04_fastp.json
[2021-05-27 16:47:20,716] multiqc.modules.fastp.fastp                        [DEBUG  ]  Read quality read2_after_filtering not found: S04_fastp.json
[2021-05-27 16:47:20,716] multiqc.modules.fastp.fastp                        [DEBUG  ]  Content curve data read2_after_filtering not found: S04_fastp.json
[2021-05-27 16:47:20,717] multiqc.modules.fastp.fastp                        [DEBUG  ]  fastp JSON did not have a 'adapter_cutting' key, skipping: 'S02_fastp.json'
[2021-05-27 16:47:20,717] multiqc.modules.fastp.fastp                        [DEBUG  ]  Could not calculate 'pct_adapter': S02_fastp.json
[2021-05-27 16:47:20,717] multiqc.modules.fastp.fastp                        [DEBUG  ]  No insert size plot data: S02_fastp.json
[2021-05-27 16:47:20,717] multiqc.modules.fastp.fastp                        [DEBUG  ]  Read quality read2_before_filtering not found: S02_fastp.json
[2021-05-27 16:47:20,717] multiqc.modules.fastp.fastp                        [DEBUG  ]  Content curve data read2_before_filtering not found: S02_fastp.json
[2021-05-27 16:47:20,717] multiqc.modules.fastp.fastp                        [DEBUG  ]  Read quality read2_after_filtering not found: S02_fastp.json
[2021-05-27 16:47:20,717] multiqc.modules.fastp.fastp                        [DEBUG  ]  Content curve data read2_after_filtering not found: S02_fastp.json
[2021-05-27 16:47:20,718] multiqc.modules.fastp.fastp                        [DEBUG  ]  fastp JSON did not have a 'adapter_cutting' key, skipping: 'S10_fastp.json'
[2021-05-27 16:47:20,718] multiqc.modules.fastp.fastp                        [DEBUG  ]  Could not calculate 'pct_adapter': S10_fastp.json
[2021-05-27 16:47:20,718] multiqc.modules.fastp.fastp                        [DEBUG  ]  No insert size plot data: S10_fastp.json
[2021-05-27 16:47:20,718] multiqc.modules.fastp.fastp                        [DEBUG  ]  Read quality read2_before_filtering not found: S10_fastp.json
[2021-05-27 16:47:20,718] multiqc.modules.fastp.fastp                        [DEBUG  ]  Content curve data read2_before_filtering not found: S10_fastp.json
[2021-05-27 16:47:20,718] multiqc.modules.fastp.fastp                        [DEBUG  ]  Read quality read2_after_filtering not found: S10_fastp.json
[2021-05-27 16:47:20,718] multiqc.modules.fastp.fastp                        [DEBUG  ]  Content curve data read2_after_filtering not found: S10_fastp.json
[2021-05-27 16:47:20,719] multiqc.modules.fastp.fastp                        [DEBUG  ]  fastp JSON did not have a 'adapter_cutting' key, skipping: 'S06_fastp.json'
[2021-05-27 16:47:20,719] multiqc.modules.fastp.fastp                        [DEBUG  ]  Could not calculate 'pct_adapter': S06_fastp.json
[2021-05-27 16:47:20,719] multiqc.modules.fastp.fastp                        [DEBUG  ]  No insert size plot data: S06_fastp.json
[2021-05-27 16:47:20,719] multiqc.modules.fastp.fastp                        [DEBUG  ]  Read quality read2_before_filtering not found: S06_fastp.json
[2021-05-27 16:47:20,719] multiqc.modules.fastp.fastp                        [DEBUG  ]  Content curve data read2_before_filtering not found: S06_fastp.json
[2021-05-27 16:47:20,719] multiqc.modules.fastp.fastp                        [DEBUG  ]  Read quality read2_after_filtering not found: S06_fastp.json
[2021-05-27 16:47:20,719] multiqc.modules.fastp.fastp                        [DEBUG  ]  Content curve data read2_after_filtering not found: S06_fastp.json
[2021-05-27 16:47:20,720] multiqc.modules.fastp.fastp                        [DEBUG  ]  fastp JSON did not have a 'adapter_cutting' key, skipping: 'S17_fastp.json'
[2021-05-27 16:47:20,720] multiqc.modules.fastp.fastp                        [DEBUG  ]  Could not calculate 'pct_adapter': S17_fastp.json
[2021-05-27 16:47:20,720] multiqc.modules.fastp.fastp                        [DEBUG  ]  No insert size plot data: S17_fastp.json
[2021-05-27 16:47:20,720] multiqc.modules.fastp.fastp                        [DEBUG  ]  Read quality read2_before_filtering not found: S17_fastp.json
[2021-05-27 16:47:20,720] multiqc.modules.fastp.fastp                        [DEBUG  ]  Content curve data read2_before_filtering not found: S17_fastp.json
[2021-05-27 16:47:20,720] multiqc.modules.fastp.fastp                        [DEBUG  ]  Read quality read2_after_filtering not found: S17_fastp.json
[2021-05-27 16:47:20,720] multiqc.modules.fastp.fastp                        [DEBUG  ]  Content curve data read2_after_filtering not found: S17_fastp.json
[2021-05-27 16:47:20,721] multiqc.modules.fastp.fastp                        [DEBUG  ]  fastp JSON did not have a 'adapter_cutting' key, skipping: 'S01_fastp.json'
[2021-05-27 16:47:20,721] multiqc.modules.fastp.fastp                        [DEBUG  ]  Could not calculate 'pct_adapter': S01_fastp.json
[2021-05-27 16:47:20,721] multiqc.modules.fastp.fastp                        [DEBUG  ]  No insert size plot data: S01_fastp.json
[2021-05-27 16:47:20,721] multiqc.modules.fastp.fastp                        [DEBUG  ]  Read quality read2_before_filtering not found: S01_fastp.json
[2021-05-27 16:47:20,721] multiqc.modules.fastp.fastp                        [DEBUG  ]  Content curve data read2_before_filtering not found: S01_fastp.json
[2021-05-27 16:47:20,721] multiqc.modules.fastp.fastp                        [DEBUG  ]  Read quality read2_after_filtering not found: S01_fastp.json
[2021-05-27 16:47:20,721] multiqc.modules.fastp.fastp                        [DEBUG  ]  Content curve data read2_after_filtering not found: S01_fastp.json
[2021-05-27 16:47:20,722] multiqc.modules.fastp.fastp                        [DEBUG  ]  fastp JSON did not have a 'adapter_cutting' key, skipping: 'S07_fastp.json'
[2021-05-27 16:47:20,722] multiqc.modules.fastp.fastp                        [DEBUG  ]  Could not calculate 'pct_adapter': S07_fastp.json
[2021-05-27 16:47:20,722] multiqc.modules.fastp.fastp                        [DEBUG  ]  No insert size plot data: S07_fastp.json
[2021-05-27 16:47:20,722] multiqc.modules.fastp.fastp                        [DEBUG  ]  Read quality read2_before_filtering not found: S07_fastp.json
[2021-05-27 16:47:20,722] multiqc.modules.fastp.fastp                        [DEBUG  ]  Content curve data read2_before_filtering not found: S07_fastp.json
[2021-05-27 16:47:20,722] multiqc.modules.fastp.fastp                        [DEBUG  ]  Read quality read2_after_filtering not found: S07_fastp.json
[2021-05-27 16:47:20,722] multiqc.modules.fastp.fastp                        [DEBUG  ]  Content curve data read2_after_filtering not found: S07_fastp.json
[2021-05-27 16:47:20,723] multiqc.modules.fastp.fastp                        [INFO   ]  Found 20 reports
[2021-05-27 16:47:20,746] multiqc                                            [DEBUG  ]  No samples found: fastqc
[2021-05-27 16:47:20,753] multiqc                                            [DEBUG  ]  No samples found: pycoqc
[2021-05-27 16:47:20,758] multiqc                                            [DEBUG  ]  No samples found: minionqc
[2021-05-27 16:47:20,763] multiqc                                            [DEBUG  ]  No samples found: multivcfanalyzer
[2021-05-27 16:47:20,768] multiqc                                            [DEBUG  ]  No samples found: clusterflow
[2021-05-27 16:47:20,774] multiqc                                            [DEBUG  ]  No samples found: bcl2fastq
[2021-05-27 16:47:20,779] multiqc                                            [DEBUG  ]  No samples found: interop
[2021-05-27 16:47:20,784] multiqc                                            [DEBUG  ]  No samples found: ivar
[2021-05-27 16:47:20,789] multiqc                                            [DEBUG  ]  No samples found: flash
[2021-05-27 16:47:20,794] multiqc                                            [DEBUG  ]  No samples found: seqyclean
[2021-05-27 16:47:20,814] multiqc                                            [INFO   ]  Compressing plot data
[2021-05-27 16:47:21,170] multiqc                                            [INFO   ]  Report      : results/multiqc_report.html
[2021-05-27 16:47:21,170] multiqc                                            [INFO   ]  Data        : results/multiqc_data
[2021-05-27 16:47:21,170] multiqc                                            [DEBUG  ]  Moving data file from '/tmp/tmp2yobpg00/multiqc_data' to 'results/multiqc_data'
[2021-05-27 16:47:21,352] multiqc                                            [INFO   ]  MultiQC complete
