                                 Started job on |	May 31 15:05:35
                             Started mapping on |	May 31 15:05:35
                                    Finished on |	May 31 15:08:00
       Mapping speed, Million of reads per hour |	451.97

                          Number of input reads |	18204223
                      Average input read length |	199
                                    UNIQUE READS:
                   Uniquely mapped reads number |	16410424
                        Uniquely mapped reads % |	90.15%
                          Average mapped length |	199.94
                       Number of splices: Total |	10254326
            Number of splices: Annotated (sjdb) |	7926160
                       Number of splices: GT/AG |	10140919
                       Number of splices: GC/AG |	97816
                       Number of splices: AT/AC |	6552
               Number of splices: Non-canonical |	9039
                      Mismatch rate per base, % |	0.14%
                         Deletion rate per base |	0.00%
                        Deletion average length |	1.54
                        Insertion rate per base |	0.00%
                       Insertion average length |	1.23
                             MULTI-MAPPING READS:
        Number of reads mapped to multiple loci |	424640
             % of reads mapped to multiple loci |	2.33%
        Number of reads mapped to too many loci |	590
             % of reads mapped to too many loci |	0.00%
                                  UNMAPPED READS:
  Number of reads unmapped: too many mismatches |	1294278
       % of reads unmapped: too many mismatches |	7.11%
            Number of reads unmapped: too short |	63246
                 % of reads unmapped: too short |	0.35%
                Number of reads unmapped: other |	11045
                     % of reads unmapped: other |	0.06%
                                  CHIMERIC READS:
                       Number of chimeric reads |	0
                            % of chimeric reads |	0.00%
