                                 Started job on |	Jun 02 11:21:20
                             Started mapping on |	Jun 02 11:21:20
                                    Finished on |	Jun 02 11:24:00
       Mapping speed, Million of reads per hour |	409.41

                          Number of input reads |	18196165
                      Average input read length |	199
                                    UNIQUE READS:
                   Uniquely mapped reads number |	16121508
                        Uniquely mapped reads % |	88.60%
                          Average mapped length |	199.94
                       Number of splices: Total |	10458133
            Number of splices: Annotated (sjdb) |	8107975
                       Number of splices: GT/AG |	10341466
                       Number of splices: GC/AG |	101530
                       Number of splices: AT/AC |	6299
               Number of splices: Non-canonical |	8838
                      Mismatch rate per base, % |	0.15%
                         Deletion rate per base |	0.00%
                        Deletion average length |	1.55
                        Insertion rate per base |	0.00%
                       Insertion average length |	1.23
                             MULTI-MAPPING READS:
        Number of reads mapped to multiple loci |	399928
             % of reads mapped to multiple loci |	2.20%
        Number of reads mapped to too many loci |	653
             % of reads mapped to too many loci |	0.00%
                                  UNMAPPED READS:
  Number of reads unmapped: too many mismatches |	1605806
       % of reads unmapped: too many mismatches |	8.82%
            Number of reads unmapped: too short |	60568
                 % of reads unmapped: too short |	0.33%
                Number of reads unmapped: other |	7702
                     % of reads unmapped: other |	0.04%
                                  CHIMERIC READS:
                       Number of chimeric reads |	0
                            % of chimeric reads |	0.00%
