                                 Started job on |	Jun 02 16:55:43
                             Started mapping on |	Jun 02 16:55:43
                                    Finished on |	Jun 02 16:58:18
       Mapping speed, Million of reads per hour |	423.11

                          Number of input reads |	18217049
                      Average input read length |	199
                                    UNIQUE READS:
                   Uniquely mapped reads number |	16341533
                        Uniquely mapped reads % |	89.70%
                          Average mapped length |	199.94
                       Number of splices: Total |	10215474
            Number of splices: Annotated (sjdb) |	7874291
                       Number of splices: GT/AG |	10098985
                       Number of splices: GC/AG |	100196
                       Number of splices: AT/AC |	6363
               Number of splices: Non-canonical |	9930
                      Mismatch rate per base, % |	0.14%
                         Deletion rate per base |	0.00%
                        Deletion average length |	1.53
                        Insertion rate per base |	0.00%
                       Insertion average length |	1.23
                             MULTI-MAPPING READS:
        Number of reads mapped to multiple loci |	468881
             % of reads mapped to multiple loci |	2.57%
        Number of reads mapped to too many loci |	873
             % of reads mapped to too many loci |	0.00%
                                  UNMAPPED READS:
  Number of reads unmapped: too many mismatches |	1337957
       % of reads unmapped: too many mismatches |	7.34%
            Number of reads unmapped: too short |	58797
                 % of reads unmapped: too short |	0.32%
                Number of reads unmapped: other |	9008
                     % of reads unmapped: other |	0.05%
                                  CHIMERIC READS:
                       Number of chimeric reads |	0
                            % of chimeric reads |	0.00%
