                                 Started job on |	Jun 02 16:40:20
                             Started mapping on |	Jun 02 16:40:54
                                    Finished on |	Jun 02 16:43:17
       Mapping speed, Million of reads per hour |	424.67

                          Number of input reads |	16868741
                      Average input read length |	199
                                    UNIQUE READS:
                   Uniquely mapped reads number |	15111664
                        Uniquely mapped reads % |	89.58%
                          Average mapped length |	199.94
                       Number of splices: Total |	9106168
            Number of splices: Annotated (sjdb) |	7086259
                       Number of splices: GT/AG |	9009229
                       Number of splices: GC/AG |	82516
                       Number of splices: AT/AC |	5823
               Number of splices: Non-canonical |	8600
                      Mismatch rate per base, % |	0.14%
                         Deletion rate per base |	0.00%
                        Deletion average length |	1.58
                        Insertion rate per base |	0.00%
                       Insertion average length |	1.23
                             MULTI-MAPPING READS:
        Number of reads mapped to multiple loci |	462347
             % of reads mapped to multiple loci |	2.74%
        Number of reads mapped to too many loci |	833
             % of reads mapped to too many loci |	0.00%
                                  UNMAPPED READS:
  Number of reads unmapped: too many mismatches |	1228838
       % of reads unmapped: too many mismatches |	7.28%
            Number of reads unmapped: too short |	54777
                 % of reads unmapped: too short |	0.32%
                Number of reads unmapped: other |	10282
                     % of reads unmapped: other |	0.06%
                                  CHIMERIC READS:
                       Number of chimeric reads |	0
                            % of chimeric reads |	0.00%
