                                 Started job on |	Jun 02 16:48:29
                             Started mapping on |	Jun 02 16:48:29
                                    Finished on |	Jun 02 16:50:58
       Mapping speed, Million of reads per hour |	442.62

                          Number of input reads |	18319347
                      Average input read length |	199
                                    UNIQUE READS:
                   Uniquely mapped reads number |	16493265
                        Uniquely mapped reads % |	90.03%
                          Average mapped length |	199.95
                       Number of splices: Total |	9585429
            Number of splices: Annotated (sjdb) |	7429740
                       Number of splices: GT/AG |	9479897
                       Number of splices: GC/AG |	90344
                       Number of splices: AT/AC |	5715
               Number of splices: Non-canonical |	9473
                      Mismatch rate per base, % |	0.12%
                         Deletion rate per base |	0.00%
                        Deletion average length |	1.62
                        Insertion rate per base |	0.00%
                       Insertion average length |	1.21
                             MULTI-MAPPING READS:
        Number of reads mapped to multiple loci |	678042
             % of reads mapped to multiple loci |	3.70%
        Number of reads mapped to too many loci |	679
             % of reads mapped to too many loci |	0.00%
                                  UNMAPPED READS:
  Number of reads unmapped: too many mismatches |	1035901
       % of reads unmapped: too many mismatches |	5.65%
            Number of reads unmapped: too short |	92675
                 % of reads unmapped: too short |	0.51%
                Number of reads unmapped: other |	18785
                     % of reads unmapped: other |	0.10%
                                  CHIMERIC READS:
                       Number of chimeric reads |	0
                            % of chimeric reads |	0.00%
