                                 Started job on |	Jun 02 11:00:10
                             Started mapping on |	Jun 02 11:00:11
                                    Finished on |	Jun 02 11:03:20
       Mapping speed, Million of reads per hour |	348.71

                          Number of input reads |	18307338
                      Average input read length |	199
                                    UNIQUE READS:
                   Uniquely mapped reads number |	16427562
                        Uniquely mapped reads % |	89.73%
                          Average mapped length |	199.95
                       Number of splices: Total |	10198297
            Number of splices: Annotated (sjdb) |	8009144
                       Number of splices: GT/AG |	10090466
                       Number of splices: GC/AG |	91371
                       Number of splices: AT/AC |	6978
               Number of splices: Non-canonical |	9482
                      Mismatch rate per base, % |	0.13%
                         Deletion rate per base |	0.00%
                        Deletion average length |	1.58
                        Insertion rate per base |	0.00%
                       Insertion average length |	1.24
                             MULTI-MAPPING READS:
        Number of reads mapped to multiple loci |	534360
             % of reads mapped to multiple loci |	2.92%
        Number of reads mapped to too many loci |	824
             % of reads mapped to too many loci |	0.00%
                                  UNMAPPED READS:
  Number of reads unmapped: too many mismatches |	1262658
       % of reads unmapped: too many mismatches |	6.90%
            Number of reads unmapped: too short |	73098
                 % of reads unmapped: too short |	0.40%
                Number of reads unmapped: other |	8836
                     % of reads unmapped: other |	0.05%
                                  CHIMERIC READS:
                       Number of chimeric reads |	0
                            % of chimeric reads |	0.00%
