STAR version=2.7.6a
STAR compilation time,server,dir=Sat Sep 19 11:48:47 EDT 2020 vega:/home/dobin/data/STAR/STARcode/STAR.master/source
##### Command Line:
STAR --genomeDir /scratch/mgallan1/temp/genome/ --readFilesIn /scratch/mgallan1/temp/trimmed/E06_5_R1_trimmed.fq.gz /scratch/mgallan1/temp/trimmed/E06_5_R2_trimmed.fq.gz --readFilesCommand zcat --outFilterMultimapNmax 10 --outFilterMismatchNmax 2 --alignMatesGapMax 20000 --alignIntronMax 25000 --outFilterMatchNminOverLread 0.66 --alignEndsType EndToEnd --runThreadN 10 --outReadsUnmapped None --outFileNamePrefix /scratch/mgallan1/results/star/E06_5_ --outSAMtype BAM SortedByCoordinate --outSAMattributes NH HI AS nM MD
##### Initial USER parameters from Command Line:
outFileNamePrefix                 /scratch/mgallan1/results/star/E06_5_
###### All USER parameters from Command Line:
genomeDir                     /scratch/mgallan1/temp/genome/     ~RE-DEFINED
readFilesIn                   /scratch/mgallan1/temp/trimmed/E06_5_R1_trimmed.fq.gz   /scratch/mgallan1/temp/trimmed/E06_5_R2_trimmed.fq.gz        ~RE-DEFINED
readFilesCommand              zcat        ~RE-DEFINED
outFilterMultimapNmax         10     ~RE-DEFINED
outFilterMismatchNmax         2     ~RE-DEFINED
alignMatesGapMax              20000     ~RE-DEFINED
alignIntronMax                25000     ~RE-DEFINED
outFilterMatchNminOverLread   0.66     ~RE-DEFINED
alignEndsType                 EndToEnd     ~RE-DEFINED
runThreadN                    10     ~RE-DEFINED
outReadsUnmapped              None     ~RE-DEFINED
outFileNamePrefix             /scratch/mgallan1/results/star/E06_5_     ~RE-DEFINED
outSAMtype                    BAM   SortedByCoordinate        ~RE-DEFINED
outSAMattributes              NH   HI   AS   nM   MD        ~RE-DEFINED
##### Finished reading parameters from all sources

##### Final user re-defined parameters-----------------:
runThreadN                        10
genomeDir                         /scratch/mgallan1/temp/genome/
readFilesIn                       /scratch/mgallan1/temp/trimmed/E06_5_R1_trimmed.fq.gz   /scratch/mgallan1/temp/trimmed/E06_5_R2_trimmed.fq.gz   
readFilesCommand                  zcat   
outFileNamePrefix                 /scratch/mgallan1/results/star/E06_5_
outReadsUnmapped                  None
outSAMtype                        BAM   SortedByCoordinate   
outSAMattributes                  NH   HI   AS   nM   MD   
outFilterMultimapNmax             10
outFilterMatchNminOverLread       0.66
outFilterMismatchNmax             2
alignIntronMax                    25000
alignMatesGapMax                  20000
alignEndsType                     EndToEnd

-------------------------------
##### Final effective command line:
STAR   --runThreadN 10   --genomeDir /scratch/mgallan1/temp/genome/   --readFilesIn /scratch/mgallan1/temp/trimmed/E06_5_R1_trimmed.fq.gz   /scratch/mgallan1/temp/trimmed/E06_5_R2_trimmed.fq.gz      --readFilesCommand zcat      --outFileNamePrefix /scratch/mgallan1/results/star/E06_5_   --outReadsUnmapped None   --outSAMtype BAM   SortedByCoordinate      --outSAMattributes NH   HI   AS   nM   MD      --outFilterMultimapNmax 10   --outFilterMatchNminOverLread 0.66   --outFilterMismatchNmax 2   --alignIntronMax 25000   --alignMatesGapMax 20000   --alignEndsType EndToEnd
----------------------------------------

Number of fastq files for each mate = 1

   Input read files for mate 1 :
-rw-r--r--. 1 mgallan1 Domain Users 1468998605 Jun  2 09:43 /scratch/mgallan1/temp/trimmed/E06_5_R1_trimmed.fq.gz

   readsCommandsFile:
exec > "/scratch/mgallan1/results/star/E06_5__STARtmp/tmp.fifo.read1"
echo FILE 0
zcat      "/scratch/mgallan1/temp/trimmed/E06_5_R1_trimmed.fq.gz"


   Input read files for mate 2 :
-rw-r--r--. 1 mgallan1 Domain Users 1499212021 Jun  2 09:43 /scratch/mgallan1/temp/trimmed/E06_5_R2_trimmed.fq.gz

   readsCommandsFile:
exec > "/scratch/mgallan1/results/star/E06_5__STARtmp/tmp.fifo.read2"
echo FILE 0
zcat      "/scratch/mgallan1/temp/trimmed/E06_5_R2_trimmed.fq.gz"

WARNING: --limitBAMsortRAM=0, will use genome size as RAM limit for BAM sorting
Finished loading and checking parameters
Reading genome generation parameters:
### STAR   --runMode genomeGenerate   --runThreadN 10   --genomeDir /scratch/mgallan1/temp/genome/   --genomeFastaFiles config/refs/arabidopsis/GCA_000001735.2_TAIR10.1_genomic.fna      --genomeSAindexNbases 13   --limitGenomeGenerateRAM 100000000000   --sjdbGTFfile config/refs/arabidopsis/Araport11_GTF_genes_transposons.Mar92021.gtf   --sjdbOverhang 100
### GstrandBit=32
versionGenome                 2.7.4a     ~RE-DEFINED
genomeType                    Full     ~RE-DEFINED
genomeFastaFiles              config/refs/arabidopsis/GCA_000001735.2_TAIR10.1_genomic.fna        ~RE-DEFINED
genomeSAindexNbases           13     ~RE-DEFINED
genomeChrBinNbits             18     ~RE-DEFINED
genomeSAsparseD               1     ~RE-DEFINED
genomeTransformType           None     ~RE-DEFINED
genomeTransformVCF            -     ~RE-DEFINED
sjdbOverhang                  100     ~RE-DEFINED
sjdbFileChrStartEnd           -        ~RE-DEFINED
sjdbGTFfile                   config/refs/arabidopsis/Araport11_GTF_genes_transposons.Mar92021.gtf     ~RE-DEFINED
sjdbGTFchrPrefix              -     ~RE-DEFINED
sjdbGTFfeatureExon            exon     ~RE-DEFINED
sjdbGTFtagExonParentTranscripttranscript_id     ~RE-DEFINED
sjdbGTFtagExonParentGene      gene_id     ~RE-DEFINED
sjdbInsertSave                Basic     ~RE-DEFINED
genomeFileSizes               144313285   1180503946        ~RE-DEFINED
Genome version is compatible with current STAR
Number of real (reference) chromosomes= 7
1	Chr1	30427671	0
2	Chr2	19698289	30670848
3	Chr3	23459830	50593792
4	Chr4	18585056	74186752
5	Chr5	26975502	92798976
6	BK010421.1	367808	119799808
7	AP000423.1	154478	120324096
--sjdbOverhang = 100 taken from the generated genome
Started loading the genome: Wed Jun  2 10:54:09 2021

Genome: size given as a parameter = 144313285
SA: size given as a parameter = 1180503946
SAindex: size given as a parameter = 1
Read from SAindex: pGe.gSAindexNbases=13  nSAi=89478484
nGenome=144313285;  nSAbyte=1180503946
GstrandBit=32   SA number of indices=286182774
Shared memory is not used for genomes. Allocated a private copy of the genome.
Genome file size: 144313285 bytes; state: good=1 eof=0 fail=0 bad=0
Loading Genome ... done! state: good=1 eof=0 fail=0 bad=0; loaded 144313285 bytes
SA file size: 1180503946 bytes; state: good=1 eof=0 fail=0 bad=0
Loading SA ... done! state: good=1 eof=0 fail=0 bad=0; loaded 1180503946 bytes
Loading SAindex ... done: 391468491 bytes
Finished loading the genome: Wed Jun  2 10:54:09 2021

Processing splice junctions database sjdbN=118045,   pGe.sjdbOverhang=100 
To accommodate alignIntronMax=25000 redefined winBinNbits=13
To accommodate alignIntronMax=25000 and alignMatesGapMax=20000, redefined winFlankNbins=4 and winAnchorDistNbins=8
Created thread # 1
Created thread # 2
Created thread # 3
Created thread # 4
Created thread # 5
Created thread # 6
Created thread # 7
Created thread # 8
Created thread # 9
Starting to map file # 0
mate 1:   /scratch/mgallan1/temp/trimmed/E06_5_R1_trimmed.fq.gz
mate 2:   /scratch/mgallan1/temp/trimmed/E06_5_R2_trimmed.fq.gz
BAM sorting: 239846 mapped reads
BAM sorting bins genomic start loci:
1	0	2159888
2	0	3407189
3	0	5402310
4	0	7146316
5	0	9726781
6	0	10478668
7	0	11957096
8	0	18928926
9	0	21379234
10	0	24248977
11	0	25048964
12	0	27608841
13	0	29924157
14	1	7421
15	1	2588127
16	1	9017407
17	1	11737958
18	1	14522607
19	1	15591420
20	1	17826369
21	1	19628560
22	2	2095312
23	2	3839522
24	2	5579983
25	2	7832081
26	2	11267371
27	2	14201322
28	2	17714887
29	2	20067629
30	2	22287359
31	3	457644
32	3	6101153
33	3	8816367
34	3	11657535
35	3	13798552
36	3	15937414
37	3	18078140
38	4	627541
39	4	3259458
40	4	5360964
41	4	7472866
42	4	14933436
43	4	15381869
44	4	17580190
45	4	21213214
46	4	23243384
47	4	25628966
48	6	71298
Thread #2 end of input stream, nextChar=-1
Completed: thread #5
Completed: thread #8
Completed: thread #3
Completed: thread #1
Completed: thread #2
Completed: thread #0
Joined thread # 1
Joined thread # 2
Joined thread # 3
Completed: thread #7
Completed: thread #4
Joined thread # 4
Joined thread # 5
Completed: thread #6
Joined thread # 6
Joined thread # 7
Joined thread # 8
Completed: thread #9
Joined thread # 9
Jun 02 10:56:48 ..... started sorting BAM
Max memory needed for sorting = 210241339
ALL DONE!
