                                 Started job on |	May 31 14:42:17
                             Started mapping on |	May 31 14:42:17
                                    Finished on |	May 31 14:44:41
       Mapping speed, Million of reads per hour |	456.39

                          Number of input reads |	18255505
                      Average input read length |	199
                                    UNIQUE READS:
                   Uniquely mapped reads number |	16193103
                        Uniquely mapped reads % |	88.70%
                          Average mapped length |	199.95
                       Number of splices: Total |	8955959
            Number of splices: Annotated (sjdb) |	6962968
                       Number of splices: GT/AG |	8864175
                       Number of splices: GC/AG |	77886
                       Number of splices: AT/AC |	5724
               Number of splices: Non-canonical |	8174
                      Mismatch rate per base, % |	0.14%
                         Deletion rate per base |	0.00%
                        Deletion average length |	1.57
                        Insertion rate per base |	0.00%
                       Insertion average length |	1.24
                             MULTI-MAPPING READS:
        Number of reads mapped to multiple loci |	742991
             % of reads mapped to multiple loci |	4.07%
        Number of reads mapped to too many loci |	602
             % of reads mapped to too many loci |	0.00%
                                  UNMAPPED READS:
  Number of reads unmapped: too many mismatches |	1231764
       % of reads unmapped: too many mismatches |	6.75%
            Number of reads unmapped: too short |	74888
                 % of reads unmapped: too short |	0.41%
                Number of reads unmapped: other |	12157
                     % of reads unmapped: other |	0.07%
                                  CHIMERIC READS:
                       Number of chimeric reads |	0
                            % of chimeric reads |	0.00%
