                                 Started job on |	May 31 14:39:26
                             Started mapping on |	May 31 14:39:27
                                    Finished on |	May 31 14:41:52
       Mapping speed, Million of reads per hour |	453.03

                          Number of input reads |	18246906
                      Average input read length |	199
                                    UNIQUE READS:
                   Uniquely mapped reads number |	16428143
                        Uniquely mapped reads % |	90.03%
                          Average mapped length |	199.95
                       Number of splices: Total |	9640223
            Number of splices: Annotated (sjdb) |	7497602
                       Number of splices: GT/AG |	9537453
                       Number of splices: GC/AG |	88057
                       Number of splices: AT/AC |	5898
               Number of splices: Non-canonical |	8815
                      Mismatch rate per base, % |	0.15%
                         Deletion rate per base |	0.00%
                        Deletion average length |	1.53
                        Insertion rate per base |	0.00%
                       Insertion average length |	1.24
                             MULTI-MAPPING READS:
        Number of reads mapped to multiple loci |	549450
             % of reads mapped to multiple loci |	3.01%
        Number of reads mapped to too many loci |	390
             % of reads mapped to too many loci |	0.00%
                                  UNMAPPED READS:
  Number of reads unmapped: too many mismatches |	1180827
       % of reads unmapped: too many mismatches |	6.47%
            Number of reads unmapped: too short |	74569
                 % of reads unmapped: too short |	0.41%
                Number of reads unmapped: other |	13527
                     % of reads unmapped: other |	0.07%
                                  CHIMERIC READS:
                       Number of chimeric reads |	0
                            % of chimeric reads |	0.00%
