                                 Started job on |	Jun 02 10:56:21
                             Started mapping on |	Jun 02 10:56:22
                                    Finished on |	Jun 02 10:58:48
       Mapping speed, Million of reads per hour |	450.51

                          Number of input reads |	18270504
                      Average input read length |	199
                                    UNIQUE READS:
                   Uniquely mapped reads number |	15986813
                        Uniquely mapped reads % |	87.50%
                          Average mapped length |	199.95
                       Number of splices: Total |	8626462
            Number of splices: Annotated (sjdb) |	6696595
                       Number of splices: GT/AG |	8539943
                       Number of splices: GC/AG |	72063
                       Number of splices: AT/AC |	5350
               Number of splices: Non-canonical |	9106
                      Mismatch rate per base, % |	0.15%
                         Deletion rate per base |	0.01%
                        Deletion average length |	1.53
                        Insertion rate per base |	0.00%
                       Insertion average length |	1.23
                             MULTI-MAPPING READS:
        Number of reads mapped to multiple loci |	844617
             % of reads mapped to multiple loci |	4.62%
        Number of reads mapped to too many loci |	1014
             % of reads mapped to too many loci |	0.01%
                                  UNMAPPED READS:
  Number of reads unmapped: too many mismatches |	1342186
       % of reads unmapped: too many mismatches |	7.35%
            Number of reads unmapped: too short |	81900
                 % of reads unmapped: too short |	0.45%
                Number of reads unmapped: other |	13974
                     % of reads unmapped: other |	0.08%
                                  CHIMERIC READS:
                       Number of chimeric reads |	0
                            % of chimeric reads |	0.00%
