                                 Started job on |	May 31 14:44:20
                             Started mapping on |	May 31 14:44:21
                                    Finished on |	May 31 14:46:39
       Mapping speed, Million of reads per hour |	477.31

                          Number of input reads |	18296765
                      Average input read length |	199
                                    UNIQUE READS:
                   Uniquely mapped reads number |	16400716
                        Uniquely mapped reads % |	89.64%
                          Average mapped length |	199.96
                       Number of splices: Total |	9203656
            Number of splices: Annotated (sjdb) |	7030776
                       Number of splices: GT/AG |	9092713
                       Number of splices: GC/AG |	98281
                       Number of splices: AT/AC |	4948
               Number of splices: Non-canonical |	7714
                      Mismatch rate per base, % |	0.14%
                         Deletion rate per base |	0.00%
                        Deletion average length |	1.52
                        Insertion rate per base |	0.00%
                       Insertion average length |	1.22
                             MULTI-MAPPING READS:
        Number of reads mapped to multiple loci |	476022
             % of reads mapped to multiple loci |	2.60%
        Number of reads mapped to too many loci |	419
             % of reads mapped to too many loci |	0.00%
                                  UNMAPPED READS:
  Number of reads unmapped: too many mismatches |	1345524
       % of reads unmapped: too many mismatches |	7.35%
            Number of reads unmapped: too short |	68353
                 % of reads unmapped: too short |	0.37%
                Number of reads unmapped: other |	5731
                     % of reads unmapped: other |	0.03%
                                  CHIMERIC READS:
                       Number of chimeric reads |	0
                            % of chimeric reads |	0.00%
