                                 Started job on |	May 31 14:53:47
                             Started mapping on |	May 31 14:53:47
                                    Finished on |	May 31 14:56:05
       Mapping speed, Million of reads per hour |	477.31

                          Number of input reads |	18296864
                      Average input read length |	199
                                    UNIQUE READS:
                   Uniquely mapped reads number |	16650777
                        Uniquely mapped reads % |	91.00%
                          Average mapped length |	199.95
                       Number of splices: Total |	8732812
            Number of splices: Annotated (sjdb) |	6599199
                       Number of splices: GT/AG |	8628572
                       Number of splices: GC/AG |	91250
                       Number of splices: AT/AC |	5073
               Number of splices: Non-canonical |	7917
                      Mismatch rate per base, % |	0.13%
                         Deletion rate per base |	0.00%
                        Deletion average length |	1.59
                        Insertion rate per base |	0.00%
                       Insertion average length |	1.24
                             MULTI-MAPPING READS:
        Number of reads mapped to multiple loci |	509496
             % of reads mapped to multiple loci |	2.78%
        Number of reads mapped to too many loci |	759
             % of reads mapped to too many loci |	0.00%
                                  UNMAPPED READS:
  Number of reads unmapped: too many mismatches |	1048630
       % of reads unmapped: too many mismatches |	5.73%
            Number of reads unmapped: too short |	69581
                 % of reads unmapped: too short |	0.38%
                Number of reads unmapped: other |	17621
                     % of reads unmapped: other |	0.10%
                                  CHIMERIC READS:
                       Number of chimeric reads |	0
                            % of chimeric reads |	0.00%
