                                 Started job on |	Jun 02 16:45:44
                             Started mapping on |	Jun 02 16:45:44
                                    Finished on |	Jun 02 16:48:15
       Mapping speed, Million of reads per hour |	436.87

                          Number of input reads |	18324069
                      Average input read length |	199
                                    UNIQUE READS:
                   Uniquely mapped reads number |	16718356
                        Uniquely mapped reads % |	91.24%
                          Average mapped length |	199.95
                       Number of splices: Total |	10439594
            Number of splices: Annotated (sjdb) |	8122473
                       Number of splices: GT/AG |	10318626
                       Number of splices: GC/AG |	105653
                       Number of splices: AT/AC |	6455
               Number of splices: Non-canonical |	8860
                      Mismatch rate per base, % |	0.12%
                         Deletion rate per base |	0.00%
                        Deletion average length |	1.57
                        Insertion rate per base |	0.00%
                       Insertion average length |	1.22
                             MULTI-MAPPING READS:
        Number of reads mapped to multiple loci |	509205
             % of reads mapped to multiple loci |	2.78%
        Number of reads mapped to too many loci |	604
             % of reads mapped to too many loci |	0.00%
                                  UNMAPPED READS:
  Number of reads unmapped: too many mismatches |	1024835
       % of reads unmapped: too many mismatches |	5.59%
            Number of reads unmapped: too short |	63979
                 % of reads unmapped: too short |	0.35%
                Number of reads unmapped: other |	7090
                     % of reads unmapped: other |	0.04%
                                  CHIMERIC READS:
                       Number of chimeric reads |	0
                            % of chimeric reads |	0.00%
