STAR version=2.7.6a
STAR compilation time,server,dir=Sat Sep 19 11:48:47 EDT 2020 vega:/home/dobin/data/STAR/STARcode/STAR.master/source
##### Command Line:
STAR --genomeDir /scratch/mgallan1/temp/genome/ --readFilesIn /scratch/mgallan1/temp/trimmed/E24_4_R1_trimmed.fq.gz /scratch/mgallan1/temp/trimmed/E24_4_R2_trimmed.fq.gz --readFilesCommand zcat --outFilterMultimapNmax 10 --outFilterMismatchNmax 2 --alignMatesGapMax 20000 --alignIntronMax 25000 --outFilterMatchNminOverLread 0.66 --alignEndsType EndToEnd --runThreadN 10 --outReadsUnmapped None --outFileNamePrefix /scratch/mgallan1/results/star/E24_4_ --outSAMtype BAM SortedByCoordinate --outSAMattributes NH HI AS nM MD
##### Initial USER parameters from Command Line:
outFileNamePrefix                 /scratch/mgallan1/results/star/E24_4_
###### All USER parameters from Command Line:
genomeDir                     /scratch/mgallan1/temp/genome/     ~RE-DEFINED
readFilesIn                   /scratch/mgallan1/temp/trimmed/E24_4_R1_trimmed.fq.gz   /scratch/mgallan1/temp/trimmed/E24_4_R2_trimmed.fq.gz        ~RE-DEFINED
readFilesCommand              zcat        ~RE-DEFINED
outFilterMultimapNmax         10     ~RE-DEFINED
outFilterMismatchNmax         2     ~RE-DEFINED
alignMatesGapMax              20000     ~RE-DEFINED
alignIntronMax                25000     ~RE-DEFINED
outFilterMatchNminOverLread   0.66     ~RE-DEFINED
alignEndsType                 EndToEnd     ~RE-DEFINED
runThreadN                    10     ~RE-DEFINED
outReadsUnmapped              None     ~RE-DEFINED
outFileNamePrefix             /scratch/mgallan1/results/star/E24_4_     ~RE-DEFINED
outSAMtype                    BAM   SortedByCoordinate        ~RE-DEFINED
outSAMattributes              NH   HI   AS   nM   MD        ~RE-DEFINED
##### Finished reading parameters from all sources

##### Final user re-defined parameters-----------------:
runThreadN                        10
genomeDir                         /scratch/mgallan1/temp/genome/
readFilesIn                       /scratch/mgallan1/temp/trimmed/E24_4_R1_trimmed.fq.gz   /scratch/mgallan1/temp/trimmed/E24_4_R2_trimmed.fq.gz   
readFilesCommand                  zcat   
outFileNamePrefix                 /scratch/mgallan1/results/star/E24_4_
outReadsUnmapped                  None
outSAMtype                        BAM   SortedByCoordinate   
outSAMattributes                  NH   HI   AS   nM   MD   
outFilterMultimapNmax             10
outFilterMatchNminOverLread       0.66
outFilterMismatchNmax             2
alignIntronMax                    25000
alignMatesGapMax                  20000
alignEndsType                     EndToEnd

-------------------------------
##### Final effective command line:
STAR   --runThreadN 10   --genomeDir /scratch/mgallan1/temp/genome/   --readFilesIn /scratch/mgallan1/temp/trimmed/E24_4_R1_trimmed.fq.gz   /scratch/mgallan1/temp/trimmed/E24_4_R2_trimmed.fq.gz      --readFilesCommand zcat      --outFileNamePrefix /scratch/mgallan1/results/star/E24_4_   --outReadsUnmapped None   --outSAMtype BAM   SortedByCoordinate      --outSAMattributes NH   HI   AS   nM   MD      --outFilterMultimapNmax 10   --outFilterMatchNminOverLread 0.66   --outFilterMismatchNmax 2   --alignIntronMax 25000   --alignMatesGapMax 20000   --alignEndsType EndToEnd
----------------------------------------

Number of fastq files for each mate = 1

   Input read files for mate 1 :
-rw-r--r--. 1 mgallan1 Domain Users 1457487322 Jun  2 10:31 /scratch/mgallan1/temp/trimmed/E24_4_R1_trimmed.fq.gz

   readsCommandsFile:
exec > "/scratch/mgallan1/results/star/E24_4__STARtmp/tmp.fifo.read1"
echo FILE 0
zcat      "/scratch/mgallan1/temp/trimmed/E24_4_R1_trimmed.fq.gz"


   Input read files for mate 2 :
-rw-r--r--. 1 mgallan1 Domain Users 1456805906 Jun  2 10:31 /scratch/mgallan1/temp/trimmed/E24_4_R2_trimmed.fq.gz

   readsCommandsFile:
exec > "/scratch/mgallan1/results/star/E24_4__STARtmp/tmp.fifo.read2"
echo FILE 0
zcat      "/scratch/mgallan1/temp/trimmed/E24_4_R2_trimmed.fq.gz"

WARNING: --limitBAMsortRAM=0, will use genome size as RAM limit for BAM sorting
Finished loading and checking parameters
Reading genome generation parameters:
### STAR   --runMode genomeGenerate   --runThreadN 10   --genomeDir /scratch/mgallan1/temp/genome/   --genomeFastaFiles config/refs/arabidopsis/GCA_000001735.2_TAIR10.1_genomic.fna      --genomeSAindexNbases 13   --limitGenomeGenerateRAM 100000000000   --sjdbGTFfile config/refs/arabidopsis/Araport11_GTF_genes_transposons.Mar92021.gtf   --sjdbOverhang 100
### GstrandBit=32
versionGenome                 2.7.4a     ~RE-DEFINED
genomeType                    Full     ~RE-DEFINED
genomeFastaFiles              config/refs/arabidopsis/GCA_000001735.2_TAIR10.1_genomic.fna        ~RE-DEFINED
genomeSAindexNbases           13     ~RE-DEFINED
genomeChrBinNbits             18     ~RE-DEFINED
genomeSAsparseD               1     ~RE-DEFINED
genomeTransformType           None     ~RE-DEFINED
genomeTransformVCF            -     ~RE-DEFINED
sjdbOverhang                  100     ~RE-DEFINED
sjdbFileChrStartEnd           -        ~RE-DEFINED
sjdbGTFfile                   config/refs/arabidopsis/Araport11_GTF_genes_transposons.Mar92021.gtf     ~RE-DEFINED
sjdbGTFchrPrefix              -     ~RE-DEFINED
sjdbGTFfeatureExon            exon     ~RE-DEFINED
sjdbGTFtagExonParentTranscripttranscript_id     ~RE-DEFINED
sjdbGTFtagExonParentGene      gene_id     ~RE-DEFINED
sjdbInsertSave                Basic     ~RE-DEFINED
genomeFileSizes               144313285   1180503946        ~RE-DEFINED
Genome version is compatible with current STAR
Number of real (reference) chromosomes= 7
1	Chr1	30427671	0
2	Chr2	19698289	30670848
3	Chr3	23459830	50593792
4	Chr4	18585056	74186752
5	Chr5	26975502	92798976
6	BK010421.1	367808	119799808
7	AP000423.1	154478	120324096
--sjdbOverhang = 100 taken from the generated genome
Started loading the genome: Wed Jun  2 16:45:44 2021

Genome: size given as a parameter = 144313285
SA: size given as a parameter = 1180503946
SAindex: size given as a parameter = 1
Read from SAindex: pGe.gSAindexNbases=13  nSAi=89478484
nGenome=144313285;  nSAbyte=1180503946
GstrandBit=32   SA number of indices=286182774
Shared memory is not used for genomes. Allocated a private copy of the genome.
Genome file size: 144313285 bytes; state: good=1 eof=0 fail=0 bad=0
Loading Genome ... done! state: good=1 eof=0 fail=0 bad=0; loaded 144313285 bytes
SA file size: 1180503946 bytes; state: good=1 eof=0 fail=0 bad=0
Loading SA ... done! state: good=1 eof=0 fail=0 bad=0; loaded 1180503946 bytes
Loading SAindex ... done: 391468491 bytes
Finished loading the genome: Wed Jun  2 16:45:44 2021

Processing splice junctions database sjdbN=118045,   pGe.sjdbOverhang=100 
To accommodate alignIntronMax=25000 redefined winBinNbits=13
To accommodate alignIntronMax=25000 and alignMatesGapMax=20000, redefined winFlankNbins=4 and winAnchorDistNbins=8
Created thread # 1
Created thread # 2
Starting to map file # 0
mate 1:   /scratch/mgallan1/temp/trimmed/E24_4_R1_trimmed.fq.gz
mate 2:   /scratch/mgallan1/temp/trimmed/E24_4_R2_trimmed.fq.gz
Created thread # 3
Created thread # 4
Created thread # 5
Created thread # 6
Created thread # 7
Created thread # 8
Created thread # 9
BAM sorting: 239560 mapped reads
BAM sorting bins genomic start loci:
1	0	2049134
2	0	3176739
3	0	5446744
4	0	7453479
5	0	9741035
6	0	10478647
7	0	12110535
8	0	18986267
9	0	21503909
10	0	24134318
11	0	25236664
12	0	27786968
13	0	29925534
14	1	397170
15	1	5539391
16	1	9265717
17	1	12673625
18	1	14523268
19	1	16408682
20	1	18074069
21	2	183704
22	2	1874581
23	2	3576032
24	2	5332296
25	2	7442850
26	2	10256533
27	2	14202973
28	2	18208831
29	2	20339763
30	2	22286860
31	3	477189
32	3	6294068
33	3	8565911
34	3	11646510
35	3	13548132
36	3	15669686
37	3	17626411
38	4	228271
39	4	2321869
40	4	4388392
41	4	6495095
42	4	9073720
43	4	15377617
44	4	16676872
45	4	19633064
46	4	22217234
47	4	24308899
48	4	26550148
Thread #0 end of input stream, nextChar=-1
Completed: thread #2
Completed: thread #8
Completed: thread #1
Completed: thread #4
Completed: thread #9
Completed: thread #3
Completed: thread #6
Completed: thread #5
Completed: thread #0
Joined thread # 1
Joined thread # 2
Joined thread # 3
Joined thread # 4
Joined thread # 5
Joined thread # 6
Completed: thread #7
Joined thread # 7
Joined thread # 8
Joined thread # 9
Jun 02 16:47:50 ..... started sorting BAM
Max memory needed for sorting = 214468069
ALL DONE!
