                                 Started job on |	May 31 14:51:29
                             Started mapping on |	May 31 14:51:30
                                    Finished on |	May 31 14:53:45
       Mapping speed, Million of reads per hour |	488.26

                          Number of input reads |	18309687
                      Average input read length |	199
                                    UNIQUE READS:
                   Uniquely mapped reads number |	16680453
                        Uniquely mapped reads % |	91.10%
                          Average mapped length |	199.96
                       Number of splices: Total |	9641139
            Number of splices: Annotated (sjdb) |	7453768
                       Number of splices: GT/AG |	9536410
                       Number of splices: GC/AG |	90450
                       Number of splices: AT/AC |	6136
               Number of splices: Non-canonical |	8143
                      Mismatch rate per base, % |	0.13%
                         Deletion rate per base |	0.00%
                        Deletion average length |	1.53
                        Insertion rate per base |	0.00%
                       Insertion average length |	1.23
                             MULTI-MAPPING READS:
        Number of reads mapped to multiple loci |	486639
             % of reads mapped to multiple loci |	2.66%
        Number of reads mapped to too many loci |	396
             % of reads mapped to too many loci |	0.00%
                                  UNMAPPED READS:
  Number of reads unmapped: too many mismatches |	1070817
       % of reads unmapped: too many mismatches |	5.85%
            Number of reads unmapped: too short |	64578
                 % of reads unmapped: too short |	0.35%
                Number of reads unmapped: other |	6804
                     % of reads unmapped: other |	0.04%
                                  CHIMERIC READS:
                       Number of chimeric reads |	0
                            % of chimeric reads |	0.00%
