                                 Started job on |	May 31 14:49:07
                             Started mapping on |	May 31 14:49:08
                                    Finished on |	May 31 14:51:30
       Mapping speed, Million of reads per hour |	464.01

                          Number of input reads |	18302525
                      Average input read length |	199
                                    UNIQUE READS:
                   Uniquely mapped reads number |	16663755
                        Uniquely mapped reads % |	91.05%
                          Average mapped length |	199.95
                       Number of splices: Total |	9492374
            Number of splices: Annotated (sjdb) |	7339611
                       Number of splices: GT/AG |	9386382
                       Number of splices: GC/AG |	91400
                       Number of splices: AT/AC |	5937
               Number of splices: Non-canonical |	8655
                      Mismatch rate per base, % |	0.14%
                         Deletion rate per base |	0.00%
                        Deletion average length |	1.51
                        Insertion rate per base |	0.00%
                       Insertion average length |	1.24
                             MULTI-MAPPING READS:
        Number of reads mapped to multiple loci |	484508
             % of reads mapped to multiple loci |	2.65%
        Number of reads mapped to too many loci |	463
             % of reads mapped to too many loci |	0.00%
                                  UNMAPPED READS:
  Number of reads unmapped: too many mismatches |	1085152
       % of reads unmapped: too many mismatches |	5.93%
            Number of reads unmapped: too short |	62063
                 % of reads unmapped: too short |	0.34%
                Number of reads unmapped: other |	6584
                     % of reads unmapped: other |	0.04%
                                  CHIMERIC READS:
                       Number of chimeric reads |	0
                            % of chimeric reads |	0.00%
