                                 Started job on |	Jun 02 16:43:29
                             Started mapping on |	Jun 02 16:43:30
                                    Finished on |	Jun 02 16:45:55
       Mapping speed, Million of reads per hour |	455.10

                          Number of input reads |	18330224
                      Average input read length |	199
                                    UNIQUE READS:
                   Uniquely mapped reads number |	16689038
                        Uniquely mapped reads % |	91.05%
                          Average mapped length |	199.95
                       Number of splices: Total |	9935009
            Number of splices: Annotated (sjdb) |	7825829
                       Number of splices: GT/AG |	9831390
                       Number of splices: GC/AG |	88103
                       Number of splices: AT/AC |	6179
               Number of splices: Non-canonical |	9337
                      Mismatch rate per base, % |	0.13%
                         Deletion rate per base |	0.00%
                        Deletion average length |	1.60
                        Insertion rate per base |	0.00%
                       Insertion average length |	1.23
                             MULTI-MAPPING READS:
        Number of reads mapped to multiple loci |	509308
             % of reads mapped to multiple loci |	2.78%
        Number of reads mapped to too many loci |	820
             % of reads mapped to too many loci |	0.00%
                                  UNMAPPED READS:
  Number of reads unmapped: too many mismatches |	1044708
       % of reads unmapped: too many mismatches |	5.70%
            Number of reads unmapped: too short |	75517
                 % of reads unmapped: too short |	0.41%
                Number of reads unmapped: other |	10833
                     % of reads unmapped: other |	0.06%
                                  CHIMERIC READS:
                       Number of chimeric reads |	0
                            % of chimeric reads |	0.00%
