                                 Started job on |	Jun 02 11:08:29
                             Started mapping on |	Jun 02 11:08:29
                                    Finished on |	Jun 02 11:10:55
       Mapping speed, Million of reads per hour |	449.23

                          Number of input reads |	18218696
                      Average input read length |	199
                                    UNIQUE READS:
                   Uniquely mapped reads number |	15799195
                        Uniquely mapped reads % |	86.72%
                          Average mapped length |	199.95
                       Number of splices: Total |	8391761
            Number of splices: Annotated (sjdb) |	6505754
                       Number of splices: GT/AG |	8307731
                       Number of splices: GC/AG |	69457
                       Number of splices: AT/AC |	5362
               Number of splices: Non-canonical |	9211
                      Mismatch rate per base, % |	0.14%
                         Deletion rate per base |	0.00%
                        Deletion average length |	1.55
                        Insertion rate per base |	0.00%
                       Insertion average length |	1.23
                             MULTI-MAPPING READS:
        Number of reads mapped to multiple loci |	1069887
             % of reads mapped to multiple loci |	5.87%
        Number of reads mapped to too many loci |	1202
             % of reads mapped to too many loci |	0.01%
                                  UNMAPPED READS:
  Number of reads unmapped: too many mismatches |	1234576
       % of reads unmapped: too many mismatches |	6.78%
            Number of reads unmapped: too short |	83749
                 % of reads unmapped: too short |	0.46%
                Number of reads unmapped: other |	30087
                     % of reads unmapped: other |	0.17%
                                  CHIMERIC READS:
                       Number of chimeric reads |	0
                            % of chimeric reads |	0.00%
