                                 Started job on |	Jun 02 11:16:36
                             Started mapping on |	Jun 02 11:16:37
                                    Finished on |	Jun 02 11:19:04
       Mapping speed, Million of reads per hour |	448.67

                          Number of input reads |	18320532
                      Average input read length |	199
                                    UNIQUE READS:
                   Uniquely mapped reads number |	16330811
                        Uniquely mapped reads % |	89.14%
                          Average mapped length |	199.95
                       Number of splices: Total |	9129816
            Number of splices: Annotated (sjdb) |	7027140
                       Number of splices: GT/AG |	9027735
                       Number of splices: GC/AG |	86713
                       Number of splices: AT/AC |	5602
               Number of splices: Non-canonical |	9766
                      Mismatch rate per base, % |	0.14%
                         Deletion rate per base |	0.01%
                        Deletion average length |	1.52
                        Insertion rate per base |	0.00%
                       Insertion average length |	1.24
                             MULTI-MAPPING READS:
        Number of reads mapped to multiple loci |	753255
             % of reads mapped to multiple loci |	4.11%
        Number of reads mapped to too many loci |	846
             % of reads mapped to too many loci |	0.00%
                                  UNMAPPED READS:
  Number of reads unmapped: too many mismatches |	1138300
       % of reads unmapped: too many mismatches |	6.21%
            Number of reads unmapped: too short |	79008
                 % of reads unmapped: too short |	0.43%
                Number of reads unmapped: other |	18312
                     % of reads unmapped: other |	0.10%
                                  CHIMERIC READS:
                       Number of chimeric reads |	0
                            % of chimeric reads |	0.00%
