STAR version=2.7.6a
STAR compilation time,server,dir=Sat Sep 19 11:48:47 EDT 2020 vega:/home/dobin/data/STAR/STARcode/STAR.master/source
##### Command Line:
STAR --genomeDir /scratch/mgallan1/temp/genome/ --readFilesIn /scratch/mgallan1/temp/trimmed/M24_2_R1_trimmed.fq.gz /scratch/mgallan1/temp/trimmed/M24_2_R2_trimmed.fq.gz --readFilesCommand zcat --outFilterMultimapNmax 10 --outFilterMismatchNmax 2 --alignMatesGapMax 20000 --alignIntronMax 25000 --outFilterMatchNminOverLread 0.66 --alignEndsType EndToEnd --runThreadN 10 --outReadsUnmapped None --outFileNamePrefix /scratch/mgallan1/results/star/M24_2_ --outSAMtype BAM SortedByCoordinate --outSAMattributes NH HI AS nM MD
##### Initial USER parameters from Command Line:
outFileNamePrefix                 /scratch/mgallan1/results/star/M24_2_
###### All USER parameters from Command Line:
genomeDir                     /scratch/mgallan1/temp/genome/     ~RE-DEFINED
readFilesIn                   /scratch/mgallan1/temp/trimmed/M24_2_R1_trimmed.fq.gz   /scratch/mgallan1/temp/trimmed/M24_2_R2_trimmed.fq.gz        ~RE-DEFINED
readFilesCommand              zcat        ~RE-DEFINED
outFilterMultimapNmax         10     ~RE-DEFINED
outFilterMismatchNmax         2     ~RE-DEFINED
alignMatesGapMax              20000     ~RE-DEFINED
alignIntronMax                25000     ~RE-DEFINED
outFilterMatchNminOverLread   0.66     ~RE-DEFINED
alignEndsType                 EndToEnd     ~RE-DEFINED
runThreadN                    10     ~RE-DEFINED
outReadsUnmapped              None     ~RE-DEFINED
outFileNamePrefix             /scratch/mgallan1/results/star/M24_2_     ~RE-DEFINED
outSAMtype                    BAM   SortedByCoordinate        ~RE-DEFINED
outSAMattributes              NH   HI   AS   nM   MD        ~RE-DEFINED
##### Finished reading parameters from all sources

##### Final user re-defined parameters-----------------:
runThreadN                        10
genomeDir                         /scratch/mgallan1/temp/genome/
readFilesIn                       /scratch/mgallan1/temp/trimmed/M24_2_R1_trimmed.fq.gz   /scratch/mgallan1/temp/trimmed/M24_2_R2_trimmed.fq.gz   
readFilesCommand                  zcat   
outFileNamePrefix                 /scratch/mgallan1/results/star/M24_2_
outReadsUnmapped                  None
outSAMtype                        BAM   SortedByCoordinate   
outSAMattributes                  NH   HI   AS   nM   MD   
outFilterMultimapNmax             10
outFilterMatchNminOverLread       0.66
outFilterMismatchNmax             2
alignIntronMax                    25000
alignMatesGapMax                  20000
alignEndsType                     EndToEnd

-------------------------------
##### Final effective command line:
STAR   --runThreadN 10   --genomeDir /scratch/mgallan1/temp/genome/   --readFilesIn /scratch/mgallan1/temp/trimmed/M24_2_R1_trimmed.fq.gz   /scratch/mgallan1/temp/trimmed/M24_2_R2_trimmed.fq.gz      --readFilesCommand zcat      --outFileNamePrefix /scratch/mgallan1/results/star/M24_2_   --outReadsUnmapped None   --outSAMtype BAM   SortedByCoordinate      --outSAMattributes NH   HI   AS   nM   MD      --outFilterMultimapNmax 10   --outFilterMatchNminOverLread 0.66   --outFilterMismatchNmax 2   --alignIntronMax 25000   --alignMatesGapMax 20000   --alignEndsType EndToEnd
----------------------------------------

Number of fastq files for each mate = 1

   Input read files for mate 1 :
-rw-r--r--. 1 mgallan1 Domain Users 1462122777 May 31 14:13 /scratch/mgallan1/temp/trimmed/M24_2_R1_trimmed.fq.gz

   readsCommandsFile:
exec > "/scratch/mgallan1/results/star/M24_2__STARtmp/tmp.fifo.read1"
echo FILE 0
zcat      "/scratch/mgallan1/temp/trimmed/M24_2_R1_trimmed.fq.gz"


   Input read files for mate 2 :
-rw-r--r--. 1 mgallan1 Domain Users 1465573166 May 31 14:13 /scratch/mgallan1/temp/trimmed/M24_2_R2_trimmed.fq.gz

   readsCommandsFile:
exec > "/scratch/mgallan1/results/star/M24_2__STARtmp/tmp.fifo.read2"
echo FILE 0
zcat      "/scratch/mgallan1/temp/trimmed/M24_2_R2_trimmed.fq.gz"

WARNING: --limitBAMsortRAM=0, will use genome size as RAM limit for BAM sorting
Finished loading and checking parameters
Reading genome generation parameters:
### STAR   --runMode genomeGenerate   --runThreadN 10   --genomeDir /scratch/mgallan1/temp/genome/   --genomeFastaFiles config/refs/arabidopsis/GCA_000001735.2_TAIR10.1_genomic.fna      --genomeSAindexNbases 13   --limitGenomeGenerateRAM 100000000000   --sjdbGTFfile config/refs/arabidopsis/Araport11_GTF_genes_transposons.Mar92021.gtf   --sjdbOverhang 100
### GstrandBit=32
versionGenome                 2.7.4a     ~RE-DEFINED
genomeType                    Full     ~RE-DEFINED
genomeFastaFiles              config/refs/arabidopsis/GCA_000001735.2_TAIR10.1_genomic.fna        ~RE-DEFINED
genomeSAindexNbases           13     ~RE-DEFINED
genomeChrBinNbits             18     ~RE-DEFINED
genomeSAsparseD               1     ~RE-DEFINED
genomeTransformType           None     ~RE-DEFINED
genomeTransformVCF            -     ~RE-DEFINED
sjdbOverhang                  100     ~RE-DEFINED
sjdbFileChrStartEnd           -        ~RE-DEFINED
sjdbGTFfile                   config/refs/arabidopsis/Araport11_GTF_genes_transposons.Mar92021.gtf     ~RE-DEFINED
sjdbGTFchrPrefix              -     ~RE-DEFINED
sjdbGTFfeatureExon            exon     ~RE-DEFINED
sjdbGTFtagExonParentTranscripttranscript_id     ~RE-DEFINED
sjdbGTFtagExonParentGene      gene_id     ~RE-DEFINED
sjdbInsertSave                Basic     ~RE-DEFINED
genomeFileSizes               144313285   1180503946        ~RE-DEFINED
Genome version is compatible with current STAR
Number of real (reference) chromosomes= 7
1	Chr1	30427671	0
2	Chr2	19698289	30670848
3	Chr3	23459830	50593792
4	Chr4	18585056	74186752
5	Chr5	26975502	92798976
6	BK010421.1	367808	119799808
7	AP000423.1	154478	120324096
--sjdbOverhang = 100 taken from the generated genome
Started loading the genome: Mon May 31 14:58:30 2021

Genome: size given as a parameter = 144313285
SA: size given as a parameter = 1180503946
SAindex: size given as a parameter = 1
Read from SAindex: pGe.gSAindexNbases=13  nSAi=89478484
nGenome=144313285;  nSAbyte=1180503946
GstrandBit=32   SA number of indices=286182774
Shared memory is not used for genomes. Allocated a private copy of the genome.
Genome file size: 144313285 bytes; state: good=1 eof=0 fail=0 bad=0
Loading Genome ... done! state: good=1 eof=0 fail=0 bad=0; loaded 144313285 bytes
SA file size: 1180503946 bytes; state: good=1 eof=0 fail=0 bad=0
Loading SA ... done! state: good=1 eof=0 fail=0 bad=0; loaded 1180503946 bytes
Loading SAindex ... done: 391468491 bytes
Finished loading the genome: Mon May 31 14:58:30 2021

Processing splice junctions database sjdbN=118045,   pGe.sjdbOverhang=100 
To accommodate alignIntronMax=25000 redefined winBinNbits=13
To accommodate alignIntronMax=25000 and alignMatesGapMax=20000, redefined winFlankNbins=4 and winAnchorDistNbins=8
Created thread # 1
Created thread # 2
Starting to map file # 0
mate 1:   /scratch/mgallan1/temp/trimmed/M24_2_R1_trimmed.fq.gz
mate 2:   /scratch/mgallan1/temp/trimmed/M24_2_R2_trimmed.fq.gz
Created thread # 3
Created thread # 4
Created thread # 5
Created thread # 6
Created thread # 7
Created thread # 8
Created thread # 9
BAM sorting: 239648 mapped reads
BAM sorting bins genomic start loci:
1	0	2049041
2	0	3513746
3	0	5447608
4	0	7454053
5	0	9492052
6	0	10478220
7	0	11532748
8	0	17966882
9	0	20752745
10	0	23083978
11	0	25048644
12	0	27304309
13	0	29576131
14	1	8959
15	1	3048687
16	1	9128521
17	1	11929024
18	1	14522773
19	1	15782176
20	1	17718229
21	1	19429063
22	2	1239196
23	2	2954837
24	2	4824025
25	2	6605677
26	2	9527604
27	2	14199839
28	2	17494312
29	2	19834363
30	2	21098648
31	2	23326991
32	3	2632960
33	3	7657285
34	3	10331121
35	3	12870151
36	3	14771199
37	3	16560924
38	3	18258349
39	4	1137886
40	4	3607914
41	4	5527427
42	4	7534952
43	4	13896193
44	4	15546919
45	4	19073394
46	4	21765723
47	4	23641649
48	4	26086021
Thread #0 end of input stream, nextChar=-1
Completed: thread #9
Completed: thread #6
Completed: thread #4
Completed: thread #3
Completed: thread #8
Completed: thread #1
Completed: thread #0
Joined thread # 1
Completed: thread #5
Completed: thread #7
Completed: thread #2
Joined thread # 2
Joined thread # 3
Joined thread # 4
Joined thread # 5
Joined thread # 6
Joined thread # 7
Joined thread # 8
Joined thread # 9
May 31 15:00:26 ..... started sorting BAM
Max memory needed for sorting = 204618265
ALL DONE!
