                                 Started job on |	Jun 02 11:21:28
                             Started mapping on |	Jun 02 11:21:29
                                    Finished on |	Jun 02 11:24:23
       Mapping speed, Million of reads per hour |	375.75

                          Number of input reads |	18161011
                      Average input read length |	199
                                    UNIQUE READS:
                   Uniquely mapped reads number |	16547230
                        Uniquely mapped reads % |	91.11%
                          Average mapped length |	199.95
                       Number of splices: Total |	9813903
            Number of splices: Annotated (sjdb) |	7650036
                       Number of splices: GT/AG |	9703023
                       Number of splices: GC/AG |	95655
                       Number of splices: AT/AC |	6813
               Number of splices: Non-canonical |	8412
                      Mismatch rate per base, % |	0.14%
                         Deletion rate per base |	0.00%
                        Deletion average length |	1.55
                        Insertion rate per base |	0.00%
                       Insertion average length |	1.23
                             MULTI-MAPPING READS:
        Number of reads mapped to multiple loci |	411904
             % of reads mapped to multiple loci |	2.27%
        Number of reads mapped to too many loci |	505
             % of reads mapped to too many loci |	0.00%
                                  UNMAPPED READS:
  Number of reads unmapped: too many mismatches |	1128484
       % of reads unmapped: too many mismatches |	6.21%
            Number of reads unmapped: too short |	63513
                 % of reads unmapped: too short |	0.35%
                Number of reads unmapped: other |	9375
                     % of reads unmapped: other |	0.05%
                                  CHIMERIC READS:
                       Number of chimeric reads |	0
                            % of chimeric reads |	0.00%
