                                 Started job on |	Jun 02 16:50:59
                             Started mapping on |	Jun 02 16:51:00
                                    Finished on |	Jun 02 16:53:23
       Mapping speed, Million of reads per hour |	457.87

                          Number of input reads |	18187787
                      Average input read length |	199
                                    UNIQUE READS:
                   Uniquely mapped reads number |	16602040
                        Uniquely mapped reads % |	91.28%
                          Average mapped length |	199.95
                       Number of splices: Total |	9656986
            Number of splices: Annotated (sjdb) |	7453191
                       Number of splices: GT/AG |	9544874
                       Number of splices: GC/AG |	97518
                       Number of splices: AT/AC |	6083
               Number of splices: Non-canonical |	8511
                      Mismatch rate per base, % |	0.14%
                         Deletion rate per base |	0.00%
                        Deletion average length |	1.54
                        Insertion rate per base |	0.00%
                       Insertion average length |	1.24
                             MULTI-MAPPING READS:
        Number of reads mapped to multiple loci |	420336
             % of reads mapped to multiple loci |	2.31%
        Number of reads mapped to too many loci |	562
             % of reads mapped to too many loci |	0.00%
                                  UNMAPPED READS:
  Number of reads unmapped: too many mismatches |	1094340
       % of reads unmapped: too many mismatches |	6.02%
            Number of reads unmapped: too short |	63678
                 % of reads unmapped: too short |	0.35%
                Number of reads unmapped: other |	6831
                     % of reads unmapped: other |	0.04%
                                  CHIMERIC READS:
                       Number of chimeric reads |	0
                            % of chimeric reads |	0.00%
