                                 Started job on |	Jun 02 11:24:24
                             Started mapping on |	Jun 02 11:24:24
                                    Finished on |	Jun 02 11:27:04
       Mapping speed, Million of reads per hour |	409.10

                          Number of input reads |	18182226
                      Average input read length |	199
                                    UNIQUE READS:
                   Uniquely mapped reads number |	16368012
                        Uniquely mapped reads % |	90.02%
                          Average mapped length |	199.95
                       Number of splices: Total |	9302993
            Number of splices: Annotated (sjdb) |	7185467
                       Number of splices: GT/AG |	9200502
                       Number of splices: GC/AG |	88678
                       Number of splices: AT/AC |	5758
               Number of splices: Non-canonical |	8055
                      Mismatch rate per base, % |	0.14%
                         Deletion rate per base |	0.00%
                        Deletion average length |	1.57
                        Insertion rate per base |	0.00%
                       Insertion average length |	1.23
                             MULTI-MAPPING READS:
        Number of reads mapped to multiple loci |	634038
             % of reads mapped to multiple loci |	3.49%
        Number of reads mapped to too many loci |	664
             % of reads mapped to too many loci |	0.00%
                                  UNMAPPED READS:
  Number of reads unmapped: too many mismatches |	1098493
       % of reads unmapped: too many mismatches |	6.04%
            Number of reads unmapped: too short |	68983
                 % of reads unmapped: too short |	0.38%
                Number of reads unmapped: other |	12036
                     % of reads unmapped: other |	0.07%
                                  CHIMERIC READS:
                       Number of chimeric reads |	0
                            % of chimeric reads |	0.00%
