                                 Started job on |	May 31 14:56:06
                             Started mapping on |	May 31 14:56:07
                                    Finished on |	May 31 14:58:29
       Mapping speed, Million of reads per hour |	459.59

                          Number of input reads |	18128359
                      Average input read length |	199
                                    UNIQUE READS:
                   Uniquely mapped reads number |	16086075
                        Uniquely mapped reads % |	88.73%
                          Average mapped length |	199.95
                       Number of splices: Total |	9273107
            Number of splices: Annotated (sjdb) |	7223060
                       Number of splices: GT/AG |	9172874
                       Number of splices: GC/AG |	86918
                       Number of splices: AT/AC |	6038
               Number of splices: Non-canonical |	7277
                      Mismatch rate per base, % |	0.14%
                         Deletion rate per base |	0.00%
                        Deletion average length |	1.56
                        Insertion rate per base |	0.00%
                       Insertion average length |	1.22
                             MULTI-MAPPING READS:
        Number of reads mapped to multiple loci |	648607
             % of reads mapped to multiple loci |	3.58%
        Number of reads mapped to too many loci |	447
             % of reads mapped to too many loci |	0.00%
                                  UNMAPPED READS:
  Number of reads unmapped: too many mismatches |	1320782
       % of reads unmapped: too many mismatches |	7.29%
            Number of reads unmapped: too short |	63502
                 % of reads unmapped: too short |	0.35%
                Number of reads unmapped: other |	8946
                     % of reads unmapped: other |	0.05%
                                  CHIMERIC READS:
                       Number of chimeric reads |	0
                            % of chimeric reads |	0.00%
