                                 Started job on |	Jun 02 11:12:57
                             Started mapping on |	Jun 02 11:12:58
                                    Finished on |	Jun 02 11:15:50
       Mapping speed, Million of reads per hour |	382.90

                          Number of input reads |	18293923
                      Average input read length |	199
                                    UNIQUE READS:
                   Uniquely mapped reads number |	16461655
                        Uniquely mapped reads % |	89.98%
                          Average mapped length |	199.95
                       Number of splices: Total |	9539437
            Number of splices: Annotated (sjdb) |	7354990
                       Number of splices: GT/AG |	9429654
                       Number of splices: GC/AG |	94428
                       Number of splices: AT/AC |	5861
               Number of splices: Non-canonical |	9494
                      Mismatch rate per base, % |	0.14%
                         Deletion rate per base |	0.01%
                        Deletion average length |	1.51
                        Insertion rate per base |	0.00%
                       Insertion average length |	1.23
                             MULTI-MAPPING READS:
        Number of reads mapped to multiple loci |	609117
             % of reads mapped to multiple loci |	3.33%
        Number of reads mapped to too many loci |	742
             % of reads mapped to too many loci |	0.00%
                                  UNMAPPED READS:
  Number of reads unmapped: too many mismatches |	1130061
       % of reads unmapped: too many mismatches |	6.18%
            Number of reads unmapped: too short |	76146
                 % of reads unmapped: too short |	0.42%
                Number of reads unmapped: other |	16202
                     % of reads unmapped: other |	0.09%
                                  CHIMERIC READS:
                       Number of chimeric reads |	0
                            % of chimeric reads |	0.00%
