                                 Started job on |	Jun 02 16:48:16
                             Started mapping on |	Jun 02 16:48:16
                                    Finished on |	Jun 02 16:50:51
       Mapping speed, Million of reads per hour |	421.82

                          Number of input reads |	18161649
                      Average input read length |	199
                                    UNIQUE READS:
                   Uniquely mapped reads number |	16453916
                        Uniquely mapped reads % |	90.60%
                          Average mapped length |	199.95
                       Number of splices: Total |	9339941
            Number of splices: Annotated (sjdb) |	7275477
                       Number of splices: GT/AG |	9240971
                       Number of splices: GC/AG |	84137
                       Number of splices: AT/AC |	6235
               Number of splices: Non-canonical |	8598
                      Mismatch rate per base, % |	0.14%
                         Deletion rate per base |	0.00%
                        Deletion average length |	1.56
                        Insertion rate per base |	0.00%
                       Insertion average length |	1.23
                             MULTI-MAPPING READS:
        Number of reads mapped to multiple loci |	474270
             % of reads mapped to multiple loci |	2.61%
        Number of reads mapped to too many loci |	632
             % of reads mapped to too many loci |	0.00%
                                  UNMAPPED READS:
  Number of reads unmapped: too many mismatches |	1153012
       % of reads unmapped: too many mismatches |	6.35%
            Number of reads unmapped: too short |	66566
                 % of reads unmapped: too short |	0.37%
                Number of reads unmapped: other |	13253
                     % of reads unmapped: other |	0.07%
                                  CHIMERIC READS:
                       Number of chimeric reads |	0
                            % of chimeric reads |	0.00%
