                                 Started job on |	Jun 02 16:43:18
                             Started mapping on |	Jun 02 16:43:18
                                    Finished on |	Jun 02 16:45:55
       Mapping speed, Million of reads per hour |	415.98

                          Number of input reads |	18141387
                      Average input read length |	199
                                    UNIQUE READS:
                   Uniquely mapped reads number |	16500995
                        Uniquely mapped reads % |	90.96%
                          Average mapped length |	199.95
                       Number of splices: Total |	10373862
            Number of splices: Annotated (sjdb) |	8107511
                       Number of splices: GT/AG |	10255543
                       Number of splices: GC/AG |	103006
                       Number of splices: AT/AC |	6137
               Number of splices: Non-canonical |	9176
                      Mismatch rate per base, % |	0.14%
                         Deletion rate per base |	0.00%
                        Deletion average length |	1.57
                        Insertion rate per base |	0.00%
                       Insertion average length |	1.22
                             MULTI-MAPPING READS:
        Number of reads mapped to multiple loci |	445596
             % of reads mapped to multiple loci |	2.46%
        Number of reads mapped to too many loci |	466
             % of reads mapped to too many loci |	0.00%
                                  UNMAPPED READS:
  Number of reads unmapped: too many mismatches |	1125238
       % of reads unmapped: too many mismatches |	6.20%
            Number of reads unmapped: too short |	62396
                 % of reads unmapped: too short |	0.34%
                Number of reads unmapped: other |	6696
                     % of reads unmapped: other |	0.04%
                                  CHIMERIC READS:
                       Number of chimeric reads |	0
                            % of chimeric reads |	0.00%
