                                 Started job on |	May 31 15:14:39
                             Started mapping on |	May 31 15:14:39
                                    Finished on |	May 31 15:16:51
       Mapping speed, Million of reads per hour |	495.97

                          Number of input reads |	18185423
                      Average input read length |	199
                                    UNIQUE READS:
                   Uniquely mapped reads number |	16484314
                        Uniquely mapped reads % |	90.65%
                          Average mapped length |	199.95
                       Number of splices: Total |	9184192
            Number of splices: Annotated (sjdb) |	7091633
                       Number of splices: GT/AG |	9080148
                       Number of splices: GC/AG |	90751
                       Number of splices: AT/AC |	5550
               Number of splices: Non-canonical |	7743
                      Mismatch rate per base, % |	0.13%
                         Deletion rate per base |	0.00%
                        Deletion average length |	1.56
                        Insertion rate per base |	0.00%
                       Insertion average length |	1.23
                             MULTI-MAPPING READS:
        Number of reads mapped to multiple loci |	571287
             % of reads mapped to multiple loci |	3.14%
        Number of reads mapped to too many loci |	350
             % of reads mapped to too many loci |	0.00%
                                  UNMAPPED READS:
  Number of reads unmapped: too many mismatches |	1046418
       % of reads unmapped: too many mismatches |	5.75%
            Number of reads unmapped: too short |	70441
                 % of reads unmapped: too short |	0.39%
                Number of reads unmapped: other |	12613
                     % of reads unmapped: other |	0.07%
                                  CHIMERIC READS:
                       Number of chimeric reads |	0
                            % of chimeric reads |	0.00%
