                                 Started job on |	Jun 02 10:48:28
                             Started mapping on |	Jun 02 10:48:28
                                    Finished on |	Jun 02 10:51:17
       Mapping speed, Million of reads per hour |	386.38

                          Number of input reads |	18138339
                      Average input read length |	199
                                    UNIQUE READS:
                   Uniquely mapped reads number |	15527610
                        Uniquely mapped reads % |	85.61%
                          Average mapped length |	199.94
                       Number of splices: Total |	8845049
            Number of splices: Annotated (sjdb) |	6834070
                       Number of splices: GT/AG |	8743877
                       Number of splices: GC/AG |	86169
                       Number of splices: AT/AC |	5369
               Number of splices: Non-canonical |	9634
                      Mismatch rate per base, % |	0.16%
                         Deletion rate per base |	0.00%
                        Deletion average length |	1.59
                        Insertion rate per base |	0.00%
                       Insertion average length |	1.25
                             MULTI-MAPPING READS:
        Number of reads mapped to multiple loci |	808871
             % of reads mapped to multiple loci |	4.46%
        Number of reads mapped to too many loci |	1201
             % of reads mapped to too many loci |	0.01%
                                  UNMAPPED READS:
  Number of reads unmapped: too many mismatches |	1702494
       % of reads unmapped: too many mismatches |	9.39%
            Number of reads unmapped: too short |	67823
                 % of reads unmapped: too short |	0.37%
                Number of reads unmapped: other |	30340
                     % of reads unmapped: other |	0.17%
                                  CHIMERIC READS:
                       Number of chimeric reads |	0
                            % of chimeric reads |	0.00%
