                                 Started job on |	Jun 02 16:48:21
                             Started mapping on |	Jun 02 16:48:22
                                    Finished on |	Jun 02 16:50:47
       Mapping speed, Million of reads per hour |	449.88

                          Number of input reads |	18120351
                      Average input read length |	199
                                    UNIQUE READS:
                   Uniquely mapped reads number |	16505294
                        Uniquely mapped reads % |	91.09%
                          Average mapped length |	199.95
                       Number of splices: Total |	9622377
            Number of splices: Annotated (sjdb) |	7504950
                       Number of splices: GT/AG |	9516907
                       Number of splices: GC/AG |	90865
                       Number of splices: AT/AC |	6616
               Number of splices: Non-canonical |	7989
                      Mismatch rate per base, % |	0.14%
                         Deletion rate per base |	0.00%
                        Deletion average length |	1.56
                        Insertion rate per base |	0.00%
                       Insertion average length |	1.23
                             MULTI-MAPPING READS:
        Number of reads mapped to multiple loci |	451430
             % of reads mapped to multiple loci |	2.49%
        Number of reads mapped to too many loci |	296
             % of reads mapped to too many loci |	0.00%
                                  UNMAPPED READS:
  Number of reads unmapped: too many mismatches |	1095901
       % of reads unmapped: too many mismatches |	6.05%
            Number of reads unmapped: too short |	61127
                 % of reads unmapped: too short |	0.34%
                Number of reads unmapped: other |	6303
                     % of reads unmapped: other |	0.03%
                                  CHIMERIC READS:
                       Number of chimeric reads |	0
                            % of chimeric reads |	0.00%
