                                 Started job on |	May 31 15:03:13
                             Started mapping on |	May 31 15:03:14
                                    Finished on |	May 31 15:05:34
       Mapping speed, Million of reads per hour |	466.31

                          Number of input reads |	18134127
                      Average input read length |	199
                                    UNIQUE READS:
                   Uniquely mapped reads number |	16282781
                        Uniquely mapped reads % |	89.79%
                          Average mapped length |	199.95
                       Number of splices: Total |	8768794
            Number of splices: Annotated (sjdb) |	6725554
                       Number of splices: GT/AG |	8670789
                       Number of splices: GC/AG |	84034
                       Number of splices: AT/AC |	5471
               Number of splices: Non-canonical |	8500
                      Mismatch rate per base, % |	0.14%
                         Deletion rate per base |	0.00%
                        Deletion average length |	1.57
                        Insertion rate per base |	0.00%
                       Insertion average length |	1.23
                             MULTI-MAPPING READS:
        Number of reads mapped to multiple loci |	591193
             % of reads mapped to multiple loci |	3.26%
        Number of reads mapped to too many loci |	1581
             % of reads mapped to too many loci |	0.01%
                                  UNMAPPED READS:
  Number of reads unmapped: too many mismatches |	1157005
       % of reads unmapped: too many mismatches |	6.38%
            Number of reads unmapped: too short |	84561
                 % of reads unmapped: too short |	0.47%
                Number of reads unmapped: other |	17006
                     % of reads unmapped: other |	0.09%
                                  CHIMERIC READS:
                       Number of chimeric reads |	0
                            % of chimeric reads |	0.00%
