                                 Started job on |	May 31 14:56:17
                             Started mapping on |	May 31 14:56:18
                                    Finished on |	May 31 14:58:39
       Mapping speed, Million of reads per hour |	463.89

                          Number of input reads |	18169022
                      Average input read length |	199
                                    UNIQUE READS:
                   Uniquely mapped reads number |	16151970
                        Uniquely mapped reads % |	88.90%
                          Average mapped length |	199.96
                       Number of splices: Total |	9574726
            Number of splices: Annotated (sjdb) |	7403091
                       Number of splices: GT/AG |	9464875
                       Number of splices: GC/AG |	95667
                       Number of splices: AT/AC |	6197
               Number of splices: Non-canonical |	7987
                      Mismatch rate per base, % |	0.14%
                         Deletion rate per base |	0.00%
                        Deletion average length |	1.55
                        Insertion rate per base |	0.00%
                       Insertion average length |	1.23
                             MULTI-MAPPING READS:
        Number of reads mapped to multiple loci |	391837
             % of reads mapped to multiple loci |	2.16%
        Number of reads mapped to too many loci |	422
             % of reads mapped to too many loci |	0.00%
                                  UNMAPPED READS:
  Number of reads unmapped: too many mismatches |	1549458
       % of reads unmapped: too many mismatches |	8.53%
            Number of reads unmapped: too short |	65940
                 % of reads unmapped: too short |	0.36%
                Number of reads unmapped: other |	9395
                     % of reads unmapped: other |	0.05%
                                  CHIMERIC READS:
                       Number of chimeric reads |	0
                            % of chimeric reads |	0.00%
